2015-10-14 15:59:12.583+0000 INFO  [org.neo4j]: No locking implementation specified, defaulting to 'community'
2015-10-14 15:59:12.639+0000 INFO  [org.neo4j]: --- INITIALIZED diagnostics START ---
2015-10-14 15:59:12.640+0000 INFO  [org.neo4j]: Neo4j Kernel properties:
    store_dir=/Users/Ptx/Desktop/1neo4j_test/blog/db/neo4j-embedded
    ephemeral=false
2015-10-14 15:59:12.643+0000 INFO  [org.neo4j]: Diagnostics providers:
    org.neo4j.kernel.configuration.Config
    org.neo4j.kernel.info.DiagnosticsManager
    SYSTEM_MEMORY
    JAVA_MEMORY
    OPERATING_SYSTEM
    JAVA_VIRTUAL_MACHINE
    CLASSPATH
    LIBRARY_PATH
    SYSTEM_PROPERTIES
    NETWORK
2015-10-14 15:59:12.644+0000 INFO  [org.neo4j]: System memory information:
    Total Physical memory: 16.00 GB
    Free Physical memory: 1.20 GB
    Committed virtual memory: 4.31 GB
    Total swap space: 2.00 GB
    Free swap space: 922.75 MB
2015-10-14 15:59:12.647+0000 INFO  [org.neo4j]: JVM memory information:
    Free  memory: 155.88 MB
    Total memory: 329.00 MB
    Max   memory: 444.50 MB
    Garbage Collector: PS Scavenge: [PS Eden Space, PS Survivor Space]
    Garbage Collector: PS MarkSweep: [PS Eden Space, PS Survivor Space, PS Old Gen]
    Memory Pool: Code Cache (Non-heap memory): committed=18.88 MB, used=16.78 MB, max=240.00 MB, threshold=0.00 B
    Memory Pool: Metaspace (Non-heap memory): committed=39.00 MB, used=37.98 MB, max=-1.00 B, threshold=0.00 B
    Memory Pool: Compressed Class Space (Non-heap memory): committed=7.25 MB, used=6.86 MB, max=1.00 GB, threshold=0.00 B
    Memory Pool: PS Eden Space (Heap memory): committed=55.50 MB, used=20.02 MB, max=87.50 MB, threshold=?
    Memory Pool: PS Survivor Space (Heap memory): committed=23.50 MB, used=23.49 MB, max=23.50 MB, threshold=?
    Memory Pool: PS Old Gen (Heap memory): committed=250.00 MB, used=129.61 MB, max=333.50 MB, threshold=0.00 B
2015-10-14 15:59:12.653+0000 INFO  [org.neo4j]: Operating system information:
    Operating System: Mac OS X; version: 10.10.5; arch: x86_64; cpus: 8
    Max number of file descriptors: 10240
    Number of open file descriptors: 75
    Process id: 29408@Ptx-MacbookPro
    Byte order: LITTLE_ENDIAN
    Local timezone: Europe/Ljubljana
2015-10-14 15:59:12.656+0000 INFO  [org.neo4j]: JVM information:
    VM Name: Java HotSpot(TM) 64-Bit Server VM
    VM Vendor: Oracle Corporation
    VM Version: 25.51-b03
    JIT compiler: HotSpot 64-Bit Tiered Compilers
    VM Arguments: [-Djdk.home=, -Djruby.home=/Users/Ptx/.rbenv/versions/jruby-1.7.18, -Djruby.script=jruby, -Djruby.shell=/bin/sh, -Djffi.boot.library.path=/Users/Ptx/.rbenv/versions/jruby-1.7.18/lib/jni:/Users/Ptx/.rbenv/versions/jruby-1.7.18/lib/jni/Darwin, -Xmx500m, -Xss2048k, -Xbootclasspath/a:/Users/Ptx/.rbenv/versions/jruby-1.7.18/lib/jruby.jar, -Dfile.encoding=UTF-8]
2015-10-14 15:59:12.657+0000 INFO  [org.neo4j]: Java classpath:
     [loader.2] file:/Library/Java/JavaVirtualMachines/jdk1.8.0_51.jdk/Contents/Home/jre/lib/ext/nashorn.jar
     [loader.0] file:/Users/Ptx/.rbenv/versions/jruby-1.7.18/lib/ruby/gems/shared/gems/neo4j-community-2.2.4.1/lib/neo4j-community/jars/concurrentlinkedhashmap-lru-1.4.jar
     [bootstrap] /Library/Java/JavaVirtualMachines/jdk1.8.0_51.jdk/Contents/Home/jre/lib/resources.jar
     [loader.0] file:/Users/Ptx/.rbenv/versions/jruby-1.7.18/lib/ruby/gems/shared/gems/neo4j-community-2.2.4.1/lib/neo4j-community/jars/neo4j-jmx-2.2.4.jar
     [loader.0] file:/Users/Ptx/.rbenv/versions/jruby-1.7.18/lib/ruby/gems/shared/gems/neo4j-community-2.2.4.1/lib/neo4j-community/jars/neo4j-cypher-compiler-1.9-2.0.4.jar
     [loader.0] file:/Users/Ptx/.rbenv/versions/jruby-1.7.18/lib/ruby/gems/shared/gems/neo4j-community-2.2.4.1/lib/neo4j-community/jars/neo4j-import-tool-2.2.4.jar
     [loader.0] file:/Users/Ptx/.rbenv/versions/jruby-1.7.18/lib/ruby/shared/kryptcore.jar
     [loader.0] file:/Users/Ptx/.rbenv/versions/jruby-1.7.18/lib/ruby/gems/shared/gems/nokogiri-1.6.6.2-java/lib/jing.jar
     [loader.0] file:/Users/Ptx/.rbenv/versions/jruby-1.7.18/lib/ruby/gems/shared/gems/nokogiri-1.6.6.2-java/lib/isorelax.jar
     [loader.0] file:/Users/Ptx/.rbenv/versions/jruby-1.7.18/lib/ruby/gems/shared/gems/neo4j-community-2.2.4.1/lib/neo4j-community/jars/scala-library-2.10.5.jar
     [loader.0] file:/Users/Ptx/.rbenv/versions/jruby-1.7.18/lib/ruby/gems/shared/gems/neo4j-community-2.2.4.1/lib/neo4j-community/jars/neo4j-unsafe-2.2.4.jar
     [loader.0] file:/Users/Ptx/.rbenv/versions/jruby-1.7.18/lib/ruby/shared/readline/readline.jar
     [bootstrap] /Library/Java/JavaVirtualMachines/jdk1.8.0_51.jdk/Contents/Home/jre/classes
     [bootstrap] /Users/Ptx/.rbenv/versions/jruby-1.7.18/lib/jruby.jar
     [classpath + loader.1] file:/Users/Ptx/Desktop/1neo4j_test/blog/
     [loader.0] file:/Users/Ptx/.rbenv/versions/jruby-1.7.18/lib/ruby/gems/shared/gems/neo4j-community-2.2.4.1/lib/neo4j-community/jars/neo4j-kernel-2.2.4.jar
     [loader.0] file:/Users/Ptx/.rbenv/versions/jruby-1.7.18/lib/ruby/gems/shared/gems/neo4j-community-2.2.4.1/lib/neo4j-community/jars/neo4j-primitive-collections-2.2.4.jar
     [loader.0] file:/Users/Ptx/.rbenv/versions/jruby-1.7.18/lib/ruby/gems/shared/gems/thread_safe-0.3.5-java/lib/thread_safe/jruby_cache_backend.jar
     [loader.2] file:/Library/Java/JavaVirtualMachines/jdk1.8.0_51.jdk/Contents/Home/jre/lib/ext/sunjce_provider.jar
     [loader.2] file:/Library/Java/JavaVirtualMachines/jdk1.8.0_51.jdk/Contents/Home/jre/lib/ext/localedata.jar
     [bootstrap] /Library/Java/JavaVirtualMachines/jdk1.8.0_51.jdk/Contents/Home/jre/lib/charsets.jar
     [loader.0] file:/Users/Ptx/.rbenv/versions/jruby-1.7.18/lib/ruby/shared/readline/jline-2.11.jar
     [loader.0] file:/Users/Ptx/.rbenv/versions/jruby-1.7.18/lib/ruby/shared/org/bouncycastle/bcprov-jdk15on/1.47/bcprov-jdk15on-1.47.jar
     [loader.0] file:/Users/Ptx/.rbenv/versions/jruby-1.7.18/lib/ruby/gems/shared/gems/neo4j-community-2.2.4.1/lib/neo4j-community/jars/neo4j-graph-matching-2.2.4.jar
     [loader.2] file:/Library/Java/JavaVirtualMachines/jdk1.8.0_51.jdk/Contents/Home/jre/lib/ext/cldrdata.jar
     [loader.0] file:/Users/Ptx/.rbenv/versions/jruby-1.7.18/lib/ruby/gems/shared/gems/neo4j-community-2.2.4.1/lib/neo4j-community/jars/parboiled-scala_2.10-1.1.7.jar
     [loader.2] file:/Library/Java/JavaVirtualMachines/jdk1.8.0_51.jdk/Contents/Home/jre/lib/ext/jfxrt.jar
     [loader.0] file:/Users/Ptx/.rbenv/versions/jruby-1.7.18/lib/ruby/gems/shared/gems/json-1.8.3-java/lib/json/ext/parser.jar
     [loader.0] file:/Users/Ptx/.rbenv/versions/jruby-1.7.18/lib/ruby/gems/shared/gems/neo4j-community-2.2.4.1/lib/neo4j-community/jars/neo4j-lucene-index-2.2.4.jar
     [loader.2] file:/System/Library/Java/Extensions/MRJToolkit.jar
     [loader.0] file:/Users/Ptx/.rbenv/versions/jruby-1.7.18/lib/ruby/shared/kryptproviderjdk.jar
     [loader.0] file:/Users/Ptx/.rbenv/versions/jruby-1.7.18/lib/ruby/gems/shared/gems/neo4j-community-2.2.4.1/lib/neo4j-community/jars/neo4j-cypher-compiler-2.1-2.1.8.jar
     [bootstrap] /Library/Java/JavaVirtualMachines/jdk1.8.0_51.jdk/Contents/Home/jre/lib/jsse.jar
     [loader.0] file:/Users/Ptx/.rbenv/versions/jruby-1.7.18/lib/ruby/gems/shared/gems/nokogiri-1.6.6.2-java/lib/nekohtml.jar
     [loader.0] file:/Users/Ptx/.rbenv/versions/jruby-1.7.18/lib/ruby/gems/shared/gems/nokogiri-1.6.6.2-java/lib/nokogiri/nokogiri.jar
     [loader.0] file:/Users/Ptx/.rbenv/versions/jruby-1.7.18/lib/ruby/gems/shared/gems/json-1.8.3-java/lib/json/ext/generator.jar
     [loader.0] file:/Users/Ptx/.rbenv/versions/jruby-1.7.18/lib/ruby/gems/shared/gems/neo4j-community-2.2.4.1/lib/neo4j-community/jars/neo4j-cypher-compiler-2.0-2.0.4.jar
     [loader.0] file:/Users/Ptx/.rbenv/versions/jruby-1.7.18/lib/ruby/gems/shared/gems/neo4j-community-2.2.4.1/lib/neo4j-community/jars/neo4j-udc-2.2.4.jar
     [bootstrap] /Library/Java/JavaVirtualMachines/jdk1.8.0_51.jdk/Contents/Home/jre/lib/jce.jar
     [loader.2] file:/Library/Java/JavaVirtualMachines/jdk1.8.0_51.jdk/Contents/Home/jre/lib/ext/sunec.jar
     [loader.0] file:/Users/Ptx/.rbenv/versions/jruby-1.7.18/lib/ruby/gems/shared/gems/nokogiri-1.6.6.2-java/lib/xercesImpl.jar
     [loader.2] file:/Library/Java/JavaVirtualMachines/jdk1.8.0_51.jdk/Contents/Home/jre/lib/ext/sunpkcs11.jar
     [loader.0] file:/Users/Ptx/.rbenv/versions/jruby-1.7.18/lib/ruby/gems/shared/gems/neo4j-community-2.2.4.1/lib/neo4j-community/jars/opencsv-2.3.jar
     [loader.0] file:/Users/Ptx/.rbenv/versions/jruby-1.7.18/lib/ruby/shared/jopenssl.jar
     [loader.0] file:/Users/Ptx/.rbenv/versions/jruby-1.7.18/lib/ruby/gems/shared/gems/neo4j-community-2.2.4.1/lib/neo4j-community/jars/neo4j-cypher-2.2.4.jar
     [bootstrap] /Library/Java/JavaVirtualMachines/jdk1.8.0_51.jdk/Contents/Home/jre/lib/rt.jar
     [loader.0] file:/Users/Ptx/.rbenv/versions/jruby-1.7.18/lib/ruby/gems/shared/gems/neo4j-community-2.2.4.1/lib/neo4j-community/jars/neo4j-io-2.2.4.jar
     [loader.0] file:/Users/Ptx/.rbenv/versions/jruby-1.7.18/lib/ruby/gems/shared/gems/neo4j-community-2.2.4.1/lib/neo4j-community/jars/neo4j-cypher-compiler-2.2-2.2.4.jar
     [loader.0] file:/Users/Ptx/.rbenv/versions/jruby-1.7.18/lib/ruby/gems/shared/gems/neo4j-community-2.2.4.1/lib/neo4j-community/jars/parboiled-core-1.1.7.jar
     [loader.2] file:/Library/Java/JavaVirtualMachines/jdk1.8.0_51.jdk/Contents/Home/jre/lib/ext/zipfs.jar
     [loader.0] file:/Users/Ptx/.rbenv/versions/jruby-1.7.18/lib/ruby/gems/shared/gems/neo4j-community-2.2.4.1/lib/neo4j-community/jars/neo4j-csv-2.2.4.jar
     [loader.0] file:/Users/Ptx/.rbenv/versions/jruby-1.7.18/lib/ruby/gems/shared/gems/therubyrhino_jar-1.7.6/jar/rhino-1.7.6.jar
     [bootstrap] /Library/Java/JavaVirtualMachines/jdk1.8.0_51.jdk/Contents/Home/jre/lib/sunrsasign.jar
     [loader.0] file:/Users/Ptx/.rbenv/versions/jruby-1.7.18/lib/ruby/gems/shared/gems/neo4j-community-2.2.4.1/lib/neo4j-community/jars/neo4j-graph-algo-2.2.4.jar
     [loader.0] file:/Users/Ptx/.rbenv/versions/jruby-1.7.18/lib/ruby/gems/shared/gems/neo4j-community-2.2.4.1/lib/neo4j-community/jars/neo4j-consistency-check-2.2.4.jar
     [loader.2] file:/Library/Java/JavaVirtualMachines/jdk1.8.0_51.jdk/Contents/Home/jre/lib/ext/dnsns.jar
     [bootstrap] /Library/Java/JavaVirtualMachines/jdk1.8.0_51.jdk/Contents/Home/jre/lib/jfr.jar
     [loader.0] file:/Users/Ptx/.rbenv/versions/jruby-1.7.18/lib/ruby/gems/shared/gems/nokogiri-1.6.6.2-java/lib/nekodtd.jar
     [loader.0] file:/Users/Ptx/.rbenv/versions/jruby-1.7.18/lib/ruby/shared/org/bouncycastle/bcpkix-jdk15on/1.47/bcpkix-jdk15on-1.47.jar
     [loader.0] file:/Users/Ptx/.rbenv/versions/jruby-1.7.18/lib/ruby/gems/shared/gems/neo4j-community-2.2.4.1/lib/neo4j-community/jars/server-api-2.2.4.jar
     [loader.0] file:/Users/Ptx/.rbenv/versions/jruby-1.7.18/lib/ruby/gems/shared/gems/neo4j-community-2.2.4.1/lib/neo4j-community/jars/lucene-core-3.6.2.jar
2015-10-14 15:59:12.658+0000 INFO  [org.neo4j]: Library path:
    /Users/Ptx/Library/Java/Extensions
    /Library/Java/Extensions
    /Network/Library/Java/Extensions
    /System/Library/Java/Extensions
    /usr/lib/java
    /Users/Ptx/Desktop/1neo4j_test/blog
2015-10-14 15:59:12.658+0000 INFO  [org.neo4j]: System.properties:
    jruby.home = /Users/Ptx/.rbenv/versions/jruby-1.7.18
    sun.boot.library.path = /Library/Java/JavaVirtualMachines/jdk1.8.0_51.jdk/Contents/Home/jre/lib
    user.country.format = SI
    gopherProxySet = false
    path.separator = :
    file.encoding.pkg = sun.io
    user.country = US
    sun.java.launcher = SUN_STANDARD
    sun.os.patch.level = unknown
    user.dir = /Users/Ptx/Desktop/1neo4j_test/blog
    jdk.home = 
    sun.jnu.encoding = UTF-8
    sun.management.compiler = HotSpot 64-Bit Tiered Compilers
    http.nonProxyHosts = local|*.local|169.254/16|*.169.254/16
    jffi.boot.library.path = /Users/Ptx/.rbenv/versions/jruby-1.7.18/lib/jni:/Users/Ptx/.rbenv/versions/jruby-1.7.18/lib/jni/Darwin
    user.home = /Users/Ptx
    user.timezone = Europe/Ljubljana
    file.encoding = UTF-8
    jruby.script = jruby
    user.name = Ptx
    jruby.shell = /bin/sh
    sun.java.command = org/jruby/Main bin/rails s
    sun.arch.data.model = 64
    user.language = en
    awt.toolkit = sun.lwawt.macosx.LWCToolkit
    file.separator = /
    sun.io.unicode.encoding = UnicodeBig
    sun.cpu.endian = little
    socksNonProxyHosts = local|*.local|169.254/16|*.169.254/16
    ftp.nonProxyHosts = local|*.local|169.254/16|*.169.254/16
    sun.cpu.isalist = 
2015-10-14 15:59:12.659+0000 INFO  [org.neo4j]: Network information:
    Interface awdl0:
        address: fe80:0:0:0:4015:80ff:fed1:97a0%awdl0
    Interface en0:
        address: fe80:0:0:0:62f8:1dff:fecd:a44e%en0
        address: 192.168.2.110
    Interface lo0:
        address: fe80:0:0:0:0:0:0:1%lo0
        address: 0:0:0:0:0:0:0:1
        address: 127.0.0.1
2015-10-14 15:59:12.661+0000 INFO  [org.neo4j]: --- INITIALIZED diagnostics END ---
2015-10-14 15:59:12.767+0000 INFO  [org.neo4j]: Creating new db @ /Users/Ptx/Desktop/1neo4j_test/blog/db/neo4j-embedded/neostore
2015-10-14 15:59:12.956+0000 INFO  [org.neo4j]: No lucene scan store index found, this might just be first use. Preparing to rebuild.
2015-10-14 15:59:12.982+0000 INFO  [org.neo4j]: No lucene scan store index found, this might just be first use. Preparing to rebuild.
2015-10-14 15:59:13.065+0000 INFO  [org.neo4j]: Opened logical log [/Users/Ptx/Desktop/1neo4j_test/blog/db/neo4j-embedded/neostore.transaction.db.0] version=0, lastTxId=1 (clean)
2015-10-14 15:59:13.071+0000 INFO  [org.neo4j]: Missing counts store, rebuilding it.
2015-10-14 15:59:13.188+0000 INFO  [org.neo4j]: Rebuilding lucene scan store, this may take a while
2015-10-14 15:59:13.190+0000 INFO  [org.neo4j]: Lucene scan store rebuilt (roughly -1 nodes)
2015-10-14 15:59:13.197+0000 INFO  [org.neo4j]: Kernel health set to OK
2015-10-14 15:59:13.649+0000 INFO  [org.neo4j]: --- STARTED diagnostics for KernelDiagnostics:Versions START ---
2015-10-14 15:59:13.649+0000 INFO  [org.neo4j]: Graph Database: org.neo4j.kernel.EmbeddedGraphDatabase StoreId{creationTime=1444838352767, randomId=-7639369953206849987, storeVersion=14969031248344582, upgradeTime=1444838352767, upgradeId=1}
2015-10-14 15:59:13.649+0000 INFO  [org.neo4j]: Kernel version: Neo4j - Graph Database Kernel (neo4j-kernel), version: 2.2.4
2015-10-14 15:59:13.649+0000 INFO  [org.neo4j]: Neo4j component versions:
2015-10-14 15:59:13.652+0000 INFO  [org.neo4j]:   Neo4j - Cypher Compiler 1.9 (neo4j-cypher-compiler-1.9), version: 2.0.4; revision: 2.0.4:2.0-maint:130/4a7d10bc274a5d26a180bbe9df25100e8a694748
2015-10-14 15:59:13.652+0000 INFO  [org.neo4j]:   Neo4j - Consistency Checker (neo4j-consistency-check), version: 2.2.4; revision: 2.2.4:2.2:110/57edd480e2d0684ccdc602ad736c5da7812daa99-dirty
2015-10-14 15:59:13.653+0000 INFO  [org.neo4j]:   Neo4j - Cypher Compiler 2.2 (neo4j-cypher-compiler-2.2), version: 2.2.4; revision: 2.2.4:2.2:110/57edd480e2d0684ccdc602ad736c5da7812daa99-dirty
2015-10-14 15:59:13.653+0000 INFO  [org.neo4j]:   Neo4j - Import Command Line Tool (neo4j-import-tool), version: 2.2.4; revision: 2.2.4:2.2:110/57edd480e2d0684ccdc602ad736c5da7812daa99-dirty
2015-10-14 15:59:13.653+0000 INFO  [org.neo4j]:   Neo4j - Server API (server-api), version: 2.2.4; revision: 2.2.4:2.2:110/57edd480e2d0684ccdc602ad736c5da7812daa99-dirty
2015-10-14 15:59:13.653+0000 INFO  [org.neo4j]:   Neo4j - Graph Database Kernel (neo4j-kernel), version: 2.2.4; revision: 2.2.4:2.2:110/57edd480e2d0684ccdc602ad736c5da7812daa99-dirty
2015-10-14 15:59:13.653+0000 INFO  [org.neo4j]:   Neo4j - Cypher Compiler 2.1 (neo4j-cypher-compiler-2.1), version: 2.1.8; revision: 2.1.8:2.1-maint:687/5c83ce3a5ddf33259593f719153ce71a6fe89fc7
2015-10-14 15:59:13.653+0000 INFO  [org.neo4j]:   neo4j-udc, version: 2.2.4; revision: 2.2.4:2.2:110/57edd480e2d0684ccdc602ad736c5da7812daa99-dirty
2015-10-14 15:59:13.653+0000 INFO  [org.neo4j]:   Neo4j - Lucene Index (neo4j-lucene-index), version: 2.2.4; revision: 2.2.4:2.2:110/57edd480e2d0684ccdc602ad736c5da7812daa99-dirty
2015-10-14 15:59:13.653+0000 INFO  [org.neo4j]:   Neo4j - Cypher Compiler 2.0 (neo4j-cypher-compiler-2.0), version: 2.0.4; revision: 2.0.4:2.0-maint:130/4a7d10bc274a5d26a180bbe9df25100e8a694748
2015-10-14 15:59:13.653+0000 INFO  [org.neo4j]:   Neo4j - Graph Matching (neo4j-graph-matching), version: 2.2.4; revision: 2.2.4:2.2:110/57edd480e2d0684ccdc602ad736c5da7812daa99-dirty
2015-10-14 15:59:13.653+0000 INFO  [org.neo4j]:   Neo4j - JMX support (neo4j-jmx), version: 2.2.4; revision: 2.2.4:2.2:110/57edd480e2d0684ccdc602ad736c5da7812daa99-dirty
2015-10-14 15:59:13.653+0000 INFO  [org.neo4j]:   Neo4j - Cypher (neo4j-cypher), version: 2.2.4; revision: 2.2.4:2.2:110/57edd480e2d0684ccdc602ad736c5da7812daa99-dirty
2015-10-14 15:59:13.653+0000 INFO  [org.neo4j]:   Neo4j - Graph Algorithms (neo4j-graph-algo), version: 2.2.4; revision: 2.2.4:2.2:110/57edd480e2d0684ccdc602ad736c5da7812daa99-dirty
2015-10-14 15:59:13.653+0000 INFO  [org.neo4j]: --- STARTED diagnostics for KernelDiagnostics:Versions END ---
2015-10-14 15:59:13.655+0000 INFO  [org.neo4j]: --- STARTED diagnostics for NEO_STORE_VERSIONS START ---
2015-10-14 15:59:13.655+0000 INFO  [org.neo4j]: Store versions:
    Store versions:
      NeoStore v0.A.5
      SchemaStore v0.A.5
      NodeStore v0.A.5
      RelationshipStore v0.A.5
      RelationshipTypeStore v0.A.5
      LabelTokenStore v0.A.5
      PropertyStore v0.A.5
      PropertyIndexStore v0.A.5
      StringPropertyStore v0.A.5
      ArrayPropertyStore v0.A.5
      RelationshipGroupStore v0.A.5
2015-10-14 15:59:13.655+0000 INFO  [org.neo4j]: --- STARTED diagnostics for NEO_STORE_VERSIONS END ---
2015-10-14 15:59:13.655+0000 INFO  [org.neo4j]: --- STARTED diagnostics for NEO_STORE_ID_USAGE START ---
2015-10-14 15:59:13.655+0000 INFO  [org.neo4j]: Id usage:
    Id usage:
      SchemaStore: used=1 high=0
      NodeStore: used=0 high=-1
      RelationshipStore: used=0 high=-1
      RelationshipTypeStore: used=0 high=-1
      LabelTokenStore: used=0 high=-1
      PropertyStore: used=0 high=-1
      PropertyIndexStore: used=0 high=-1
      StringPropertyStore: used=1 high=0
      ArrayPropertyStore: used=1 high=0
      RelationshipGroupStore: used=1 high=0
2015-10-14 15:59:13.656+0000 INFO  [org.neo4j]: --- STARTED diagnostics for NEO_STORE_ID_USAGE END ---
2015-10-14 15:59:13.656+0000 INFO  [org.neo4j]: --- STARTED diagnostics for KernelDiagnostics:StoreFiles START ---
2015-10-14 15:59:13.656+0000 INFO  [org.neo4j]: Disk space on partition (Total / Free / Free %): 249820610560 / 120590979072 / 48
Storage files: (filename : modification date - size)
      index:
      - Total: 2015-10-14T17:59:12+0200 - 0.00 B
      lock: 2015-10-14T17:59:12+0200 - 0.00 B
      messages.log: 2015-10-14T17:59:13+0200 - 17.78 kB
      neostore: 2015-10-14T17:59:12+0200 - 99.00 B
      neostore.counts.db.a: 2015-10-14T17:59:13+0200 - 114.00 B
      neostore.id: 2015-10-14T17:59:12+0200 - 9.00 B
      neostore.labeltokenstore.db: 2015-10-14T17:59:12+0200 - 0.00 B
      neostore.labeltokenstore.db.id: 2015-10-14T17:59:12+0200 - 9.00 B
      neostore.labeltokenstore.db.names: 2015-10-14T17:59:12+0200 - 38.00 B
      neostore.labeltokenstore.db.names.id: 2015-10-14T17:59:12+0200 - 9.00 B
      neostore.nodestore.db: 2015-10-14T17:59:12+0200 - 0.00 B
      neostore.nodestore.db.id: 2015-10-14T17:59:12+0200 - 9.00 B
      neostore.nodestore.db.labels: 2015-10-14T17:59:12+0200 - 68.00 B
      neostore.nodestore.db.labels.id: 2015-10-14T17:59:12+0200 - 9.00 B
      neostore.propertystore.db: 2015-10-14T17:59:12+0200 - 0.00 B
      neostore.propertystore.db.arrays: 2015-10-14T17:59:12+0200 - 128.00 B
      neostore.propertystore.db.arrays.id: 2015-10-14T17:59:12+0200 - 9.00 B
      neostore.propertystore.db.id: 2015-10-14T17:59:12+0200 - 9.00 B
      neostore.propertystore.db.index: 2015-10-14T17:59:12+0200 - 0.00 B
      neostore.propertystore.db.index.id: 2015-10-14T17:59:12+0200 - 9.00 B
      neostore.propertystore.db.index.keys: 2015-10-14T17:59:12+0200 - 38.00 B
      neostore.propertystore.db.index.keys.id: 2015-10-14T17:59:12+0200 - 9.00 B
      neostore.propertystore.db.strings: 2015-10-14T17:59:12+0200 - 128.00 B
      neostore.propertystore.db.strings.id: 2015-10-14T17:59:12+0200 - 9.00 B
      neostore.relationshipgroupstore.db: 2015-10-14T17:59:12+0200 - 25.00 B
      neostore.relationshipgroupstore.db.id: 2015-10-14T17:59:12+0200 - 9.00 B
      neostore.relationshipstore.db: 2015-10-14T17:59:12+0200 - 0.00 B
      neostore.relationshipstore.db.id: 2015-10-14T17:59:12+0200 - 9.00 B
      neostore.relationshiptypestore.db: 2015-10-14T17:59:12+0200 - 0.00 B
      neostore.relationshiptypestore.db.id: 2015-10-14T17:59:12+0200 - 9.00 B
      neostore.relationshiptypestore.db.names: 2015-10-14T17:59:12+0200 - 38.00 B
      neostore.relationshiptypestore.db.names.id: 2015-10-14T17:59:12+0200 - 9.00 B
      neostore.schemastore.db: 2015-10-14T17:59:12+0200 - 64.00 B
      neostore.schemastore.db.id: 2015-10-14T17:59:12+0200 - 9.00 B
      neostore.transaction.db.0: 2015-10-14T17:59:13+0200 - 16.00 B
      schema:
        label:
          lucene:
            write.lock: 2015-10-14T17:59:13+0200 - 0.00 B
          - Total: 2015-10-14T17:59:13+0200 - 0.00 B
        - Total: 2015-10-14T17:59:13+0200 - 0.00 B
      - Total: 2015-10-14T17:59:12+0200 - 0.00 B
      store_lock: 2015-10-14T17:59:12+0200 - 0.00 B
2015-10-14 15:59:40.044+0000 INFO  [org.neo4j]: No locking implementation specified, defaulting to 'community'
2015-10-14 15:59:40.106+0000 INFO  [org.neo4j]: --- INITIALIZED diagnostics START ---
2015-10-14 15:59:40.107+0000 INFO  [org.neo4j]: Neo4j Kernel properties:
    store_dir=/Users/Ptx/Desktop/1neo4j_test/blog/db/neo4j-embedded
    ephemeral=false
2015-10-14 15:59:40.113+0000 INFO  [org.neo4j]: Diagnostics providers:
    org.neo4j.kernel.configuration.Config
    org.neo4j.kernel.info.DiagnosticsManager
    SYSTEM_MEMORY
    JAVA_MEMORY
    OPERATING_SYSTEM
    JAVA_VIRTUAL_MACHINE
    CLASSPATH
    LIBRARY_PATH
    SYSTEM_PROPERTIES
    NETWORK
2015-10-14 15:59:40.113+0000 INFO  [org.neo4j]: System memory information:
    Total Physical memory: 16.00 GB
    Free Physical memory: 756.40 MB
    Committed virtual memory: 4.33 GB
    Total swap space: 2.00 GB
    Free swap space: 922.75 MB
2015-10-14 15:59:40.117+0000 INFO  [org.neo4j]: JVM memory information:
    Free  memory: 153.70 MB
    Total memory: 330.00 MB
    Max   memory: 444.50 MB
    Garbage Collector: PS Scavenge: [PS Eden Space, PS Survivor Space]
    Garbage Collector: PS MarkSweep: [PS Eden Space, PS Survivor Space, PS Old Gen]
    Memory Pool: Code Cache (Non-heap memory): committed=18.31 MB, used=16.08 MB, max=240.00 MB, threshold=0.00 B
    Memory Pool: Metaspace (Non-heap memory): committed=39.59 MB, used=38.27 MB, max=-1.00 B, threshold=0.00 B
    Memory Pool: Compressed Class Space (Non-heap memory): committed=7.38 MB, used=6.89 MB, max=1.00 GB, threshold=0.00 B
    Memory Pool: PS Eden Space (Heap memory): committed=100.50 MB, used=100.49 MB, max=113.00 MB, threshold=?
    Memory Pool: PS Survivor Space (Heap memory): committed=20.50 MB, used=20.47 MB, max=20.50 MB, threshold=?
    Memory Pool: PS Old Gen (Heap memory): committed=209.00 MB, used=55.35 MB, max=333.50 MB, threshold=0.00 B
2015-10-14 15:59:40.123+0000 INFO  [org.neo4j]: Operating system information:
    Operating System: Mac OS X; version: 10.10.5; arch: x86_64; cpus: 8
    Max number of file descriptors: 10240
    Number of open file descriptors: 65
    Process id: 29431@Ptx-MacbookPro
    Byte order: LITTLE_ENDIAN
    Local timezone: Europe/Ljubljana
2015-10-14 15:59:40.126+0000 INFO  [org.neo4j]: JVM information:
    VM Name: Java HotSpot(TM) 64-Bit Server VM
    VM Vendor: Oracle Corporation
    VM Version: 25.51-b03
    JIT compiler: HotSpot 64-Bit Tiered Compilers
    VM Arguments: [-Djdk.home=, -Djruby.home=/Users/Ptx/.rbenv/versions/jruby-1.7.18, -Djruby.script=jruby, -Djruby.shell=/bin/sh, -Djffi.boot.library.path=/Users/Ptx/.rbenv/versions/jruby-1.7.18/lib/jni:/Users/Ptx/.rbenv/versions/jruby-1.7.18/lib/jni/Darwin, -Xmx500m, -Xss2048k, -Xbootclasspath/a:/Users/Ptx/.rbenv/versions/jruby-1.7.18/lib/jruby.jar, -Dfile.encoding=UTF-8]
2015-10-14 15:59:40.127+0000 INFO  [org.neo4j]: Java classpath:
     [loader.2] file:/Library/Java/JavaVirtualMachines/jdk1.8.0_51.jdk/Contents/Home/jre/lib/ext/nashorn.jar
     [loader.0] file:/Users/Ptx/.rbenv/versions/jruby-1.7.18/lib/ruby/gems/shared/gems/neo4j-community-2.2.4.1/lib/neo4j-community/jars/concurrentlinkedhashmap-lru-1.4.jar
     [bootstrap] /Library/Java/JavaVirtualMachines/jdk1.8.0_51.jdk/Contents/Home/jre/lib/resources.jar
     [loader.0] file:/Users/Ptx/.rbenv/versions/jruby-1.7.18/lib/ruby/gems/shared/gems/neo4j-community-2.2.4.1/lib/neo4j-community/jars/neo4j-jmx-2.2.4.jar
     [loader.0] file:/Users/Ptx/.rbenv/versions/jruby-1.7.18/lib/ruby/gems/shared/gems/neo4j-community-2.2.4.1/lib/neo4j-community/jars/neo4j-cypher-compiler-1.9-2.0.4.jar
     [loader.0] file:/Users/Ptx/.rbenv/versions/jruby-1.7.18/lib/ruby/gems/shared/gems/neo4j-community-2.2.4.1/lib/neo4j-community/jars/neo4j-import-tool-2.2.4.jar
     [loader.0] file:/Users/Ptx/.rbenv/versions/jruby-1.7.18/lib/ruby/shared/kryptcore.jar
     [loader.0] file:/Users/Ptx/.rbenv/versions/jruby-1.7.18/lib/ruby/gems/shared/gems/nokogiri-1.6.6.2-java/lib/jing.jar
     [loader.0] file:/Users/Ptx/.rbenv/versions/jruby-1.7.18/lib/ruby/gems/shared/gems/nokogiri-1.6.6.2-java/lib/isorelax.jar
     [loader.0] file:/Users/Ptx/.rbenv/versions/jruby-1.7.18/lib/ruby/gems/shared/gems/neo4j-community-2.2.4.1/lib/neo4j-community/jars/scala-library-2.10.5.jar
     [loader.0] file:/Users/Ptx/.rbenv/versions/jruby-1.7.18/lib/ruby/gems/shared/gems/neo4j-community-2.2.4.1/lib/neo4j-community/jars/neo4j-unsafe-2.2.4.jar
     [loader.0] file:/Users/Ptx/.rbenv/versions/jruby-1.7.18/lib/ruby/shared/readline/readline.jar
     [bootstrap] /Library/Java/JavaVirtualMachines/jdk1.8.0_51.jdk/Contents/Home/jre/classes
     [bootstrap] /Users/Ptx/.rbenv/versions/jruby-1.7.18/lib/jruby.jar
     [classpath + loader.1] file:/Users/Ptx/Desktop/1neo4j_test/blog/
     [loader.0] file:/Users/Ptx/.rbenv/versions/jruby-1.7.18/lib/ruby/gems/shared/gems/neo4j-community-2.2.4.1/lib/neo4j-community/jars/neo4j-kernel-2.2.4.jar
     [loader.0] file:/Users/Ptx/.rbenv/versions/jruby-1.7.18/lib/ruby/gems/shared/gems/neo4j-community-2.2.4.1/lib/neo4j-community/jars/neo4j-primitive-collections-2.2.4.jar
     [loader.0] file:/Users/Ptx/.rbenv/versions/jruby-1.7.18/lib/ruby/gems/shared/gems/thread_safe-0.3.5-java/lib/thread_safe/jruby_cache_backend.jar
     [loader.2] file:/Library/Java/JavaVirtualMachines/jdk1.8.0_51.jdk/Contents/Home/jre/lib/ext/sunjce_provider.jar
     [loader.2] file:/Library/Java/JavaVirtualMachines/jdk1.8.0_51.jdk/Contents/Home/jre/lib/ext/localedata.jar
     [bootstrap] /Library/Java/JavaVirtualMachines/jdk1.8.0_51.jdk/Contents/Home/jre/lib/charsets.jar
     [loader.0] file:/Users/Ptx/.rbenv/versions/jruby-1.7.18/lib/ruby/shared/readline/jline-2.11.jar
     [loader.0] file:/Users/Ptx/.rbenv/versions/jruby-1.7.18/lib/ruby/shared/org/bouncycastle/bcprov-jdk15on/1.47/bcprov-jdk15on-1.47.jar
     [loader.0] file:/Users/Ptx/.rbenv/versions/jruby-1.7.18/lib/ruby/gems/shared/gems/neo4j-community-2.2.4.1/lib/neo4j-community/jars/neo4j-graph-matching-2.2.4.jar
     [loader.2] file:/Library/Java/JavaVirtualMachines/jdk1.8.0_51.jdk/Contents/Home/jre/lib/ext/cldrdata.jar
     [loader.0] file:/Users/Ptx/.rbenv/versions/jruby-1.7.18/lib/ruby/gems/shared/gems/neo4j-community-2.2.4.1/lib/neo4j-community/jars/parboiled-scala_2.10-1.1.7.jar
     [loader.2] file:/Library/Java/JavaVirtualMachines/jdk1.8.0_51.jdk/Contents/Home/jre/lib/ext/jfxrt.jar
     [loader.0] file:/Users/Ptx/.rbenv/versions/jruby-1.7.18/lib/ruby/gems/shared/gems/json-1.8.3-java/lib/json/ext/parser.jar
     [loader.0] file:/Users/Ptx/.rbenv/versions/jruby-1.7.18/lib/ruby/gems/shared/gems/neo4j-community-2.2.4.1/lib/neo4j-community/jars/neo4j-lucene-index-2.2.4.jar
     [loader.2] file:/System/Library/Java/Extensions/MRJToolkit.jar
     [loader.0] file:/Users/Ptx/.rbenv/versions/jruby-1.7.18/lib/ruby/shared/kryptproviderjdk.jar
     [loader.0] file:/Users/Ptx/.rbenv/versions/jruby-1.7.18/lib/ruby/gems/shared/gems/neo4j-community-2.2.4.1/lib/neo4j-community/jars/neo4j-cypher-compiler-2.1-2.1.8.jar
     [bootstrap] /Library/Java/JavaVirtualMachines/jdk1.8.0_51.jdk/Contents/Home/jre/lib/jsse.jar
     [loader.0] file:/Users/Ptx/.rbenv/versions/jruby-1.7.18/lib/ruby/gems/shared/gems/nokogiri-1.6.6.2-java/lib/nekohtml.jar
     [loader.0] file:/Users/Ptx/.rbenv/versions/jruby-1.7.18/lib/ruby/gems/shared/gems/nokogiri-1.6.6.2-java/lib/nokogiri/nokogiri.jar
     [loader.0] file:/Users/Ptx/.rbenv/versions/jruby-1.7.18/lib/ruby/gems/shared/gems/json-1.8.3-java/lib/json/ext/generator.jar
     [loader.0] file:/Users/Ptx/.rbenv/versions/jruby-1.7.18/lib/ruby/gems/shared/gems/neo4j-community-2.2.4.1/lib/neo4j-community/jars/neo4j-cypher-compiler-2.0-2.0.4.jar
     [loader.0] file:/Users/Ptx/.rbenv/versions/jruby-1.7.18/lib/ruby/gems/shared/gems/neo4j-community-2.2.4.1/lib/neo4j-community/jars/neo4j-udc-2.2.4.jar
     [bootstrap] /Library/Java/JavaVirtualMachines/jdk1.8.0_51.jdk/Contents/Home/jre/lib/jce.jar
     [loader.2] file:/Library/Java/JavaVirtualMachines/jdk1.8.0_51.jdk/Contents/Home/jre/lib/ext/sunec.jar
     [loader.0] file:/Users/Ptx/.rbenv/versions/jruby-1.7.18/lib/ruby/gems/shared/gems/nokogiri-1.6.6.2-java/lib/xercesImpl.jar
     [loader.2] file:/Library/Java/JavaVirtualMachines/jdk1.8.0_51.jdk/Contents/Home/jre/lib/ext/sunpkcs11.jar
     [loader.0] file:/Users/Ptx/.rbenv/versions/jruby-1.7.18/lib/ruby/gems/shared/gems/neo4j-community-2.2.4.1/lib/neo4j-community/jars/opencsv-2.3.jar
     [loader.0] file:/Users/Ptx/.rbenv/versions/jruby-1.7.18/lib/ruby/shared/jopenssl.jar
     [loader.0] file:/Users/Ptx/.rbenv/versions/jruby-1.7.18/lib/ruby/gems/shared/gems/neo4j-community-2.2.4.1/lib/neo4j-community/jars/neo4j-cypher-2.2.4.jar
     [bootstrap] /Library/Java/JavaVirtualMachines/jdk1.8.0_51.jdk/Contents/Home/jre/lib/rt.jar
     [loader.0] file:/Users/Ptx/.rbenv/versions/jruby-1.7.18/lib/ruby/gems/shared/gems/neo4j-community-2.2.4.1/lib/neo4j-community/jars/neo4j-io-2.2.4.jar
     [loader.0] file:/Users/Ptx/.rbenv/versions/jruby-1.7.18/lib/ruby/gems/shared/gems/neo4j-community-2.2.4.1/lib/neo4j-community/jars/neo4j-cypher-compiler-2.2-2.2.4.jar
     [loader.0] file:/Users/Ptx/.rbenv/versions/jruby-1.7.18/lib/ruby/gems/shared/gems/neo4j-community-2.2.4.1/lib/neo4j-community/jars/parboiled-core-1.1.7.jar
     [loader.2] file:/Library/Java/JavaVirtualMachines/jdk1.8.0_51.jdk/Contents/Home/jre/lib/ext/zipfs.jar
     [loader.0] file:/Users/Ptx/.rbenv/versions/jruby-1.7.18/lib/ruby/gems/shared/gems/neo4j-community-2.2.4.1/lib/neo4j-community/jars/neo4j-csv-2.2.4.jar
     [loader.0] file:/Users/Ptx/.rbenv/versions/jruby-1.7.18/lib/ruby/gems/shared/gems/therubyrhino_jar-1.7.6/jar/rhino-1.7.6.jar
     [bootstrap] /Library/Java/JavaVirtualMachines/jdk1.8.0_51.jdk/Contents/Home/jre/lib/sunrsasign.jar
     [loader.0] file:/Users/Ptx/.rbenv/versions/jruby-1.7.18/lib/ruby/gems/shared/gems/neo4j-community-2.2.4.1/lib/neo4j-community/jars/neo4j-graph-algo-2.2.4.jar
     [loader.0] file:/Users/Ptx/.rbenv/versions/jruby-1.7.18/lib/ruby/gems/shared/gems/neo4j-community-2.2.4.1/lib/neo4j-community/jars/neo4j-consistency-check-2.2.4.jar
     [loader.2] file:/Library/Java/JavaVirtualMachines/jdk1.8.0_51.jdk/Contents/Home/jre/lib/ext/dnsns.jar
     [bootstrap] /Library/Java/JavaVirtualMachines/jdk1.8.0_51.jdk/Contents/Home/jre/lib/jfr.jar
     [loader.0] file:/Users/Ptx/.rbenv/versions/jruby-1.7.18/lib/ruby/gems/shared/gems/nokogiri-1.6.6.2-java/lib/nekodtd.jar
     [loader.0] file:/Users/Ptx/.rbenv/versions/jruby-1.7.18/lib/ruby/shared/org/bouncycastle/bcpkix-jdk15on/1.47/bcpkix-jdk15on-1.47.jar
     [loader.0] file:/Users/Ptx/.rbenv/versions/jruby-1.7.18/lib/ruby/gems/shared/gems/neo4j-community-2.2.4.1/lib/neo4j-community/jars/server-api-2.2.4.jar
     [loader.0] file:/Users/Ptx/.rbenv/versions/jruby-1.7.18/lib/ruby/gems/shared/gems/neo4j-community-2.2.4.1/lib/neo4j-community/jars/lucene-core-3.6.2.jar
2015-10-14 15:59:40.128+0000 INFO  [org.neo4j]: Library path:
    /Users/Ptx/Library/Java/Extensions
    /Library/Java/Extensions
    /Network/Library/Java/Extensions
    /System/Library/Java/Extensions
    /usr/lib/java
    /Users/Ptx/Desktop/1neo4j_test/blog
2015-10-14 15:59:40.129+0000 INFO  [org.neo4j]: System.properties:
    jruby.home = /Users/Ptx/.rbenv/versions/jruby-1.7.18
    sun.boot.library.path = /Library/Java/JavaVirtualMachines/jdk1.8.0_51.jdk/Contents/Home/jre/lib
    user.country.format = SI
    gopherProxySet = false
    path.separator = :
    file.encoding.pkg = sun.io
    user.country = US
    sun.java.launcher = SUN_STANDARD
    sun.os.patch.level = unknown
    user.dir = /Users/Ptx/Desktop/1neo4j_test/blog
    jdk.home = 
    sun.jnu.encoding = UTF-8
    sun.management.compiler = HotSpot 64-Bit Tiered Compilers
    http.nonProxyHosts = local|*.local|169.254/16|*.169.254/16
    jffi.boot.library.path = /Users/Ptx/.rbenv/versions/jruby-1.7.18/lib/jni:/Users/Ptx/.rbenv/versions/jruby-1.7.18/lib/jni/Darwin
    user.home = /Users/Ptx
    user.timezone = Europe/Ljubljana
    file.encoding = UTF-8
    jruby.script = jruby
    user.name = Ptx
    jruby.shell = /bin/sh
    sun.java.command = org/jruby/Main /Users/Ptx/.rbenv/versions/jruby-1.7.18/bin/rake routes
    sun.arch.data.model = 64
    user.language = en
    awt.toolkit = sun.lwawt.macosx.LWCToolkit
    file.separator = /
    sun.io.unicode.encoding = UnicodeBig
    sun.cpu.endian = little
    socksNonProxyHosts = local|*.local|169.254/16|*.169.254/16
    ftp.nonProxyHosts = local|*.local|169.254/16|*.169.254/16
    sun.cpu.isalist = 
2015-10-14 15:59:40.129+0000 INFO  [org.neo4j]: Network information:
    Interface awdl0:
        address: fe80:0:0:0:4015:80ff:fed1:97a0%awdl0
    Interface en0:
        address: fe80:0:0:0:62f8:1dff:fecd:a44e%en0
        address: 192.168.2.110
    Interface lo0:
        address: fe80:0:0:0:0:0:0:1%lo0
        address: 0:0:0:0:0:0:0:1
        address: 127.0.0.1
2015-10-14 15:59:40.132+0000 INFO  [org.neo4j]: --- INITIALIZED diagnostics END ---
2015-10-14 15:59:40.356+0000 INFO  [org.neo4j]: Shutdown started
2015-10-14 15:59:40.356+0000 INFO  [org.neo4j]: --- SHUTDOWN diagnostics START ---
2015-10-14 15:59:40.356+0000 INFO  [org.neo4j]: --- SHUTDOWN diagnostics END ---
2015-10-14 15:59:13.661+0000 INFO  [org.neo4j]: --- STARTED diagnostics for KernelDiagnostics:StoreFiles END ---
2015-10-14 15:59:13.700+0000 INFO  [org.neo4j]: Database is now ready
2015-10-14 16:00:19.686+0000 INFO  [org.neo4j]: GC Monitor: Application threads blocked for 640ms.
2015-10-14 16:00:19.950+0000 INFO  [org.neo4j]: Index population started: [:Post(uuid) [provider: {key=lucene, version=1.0}]]
2015-10-14 16:00:19.962+0000 INFO  [org.neo4j]: Schema state store has been cleared.
2015-10-14 16:00:19.967+0000 INFO  [org.neo4j]: Index population completed. Index is now online: [:Post(uuid) [provider: {key=lucene, version=1.0}]]
2015-10-14 16:00:40.079+0000 INFO  [org.neo4j]: No locking implementation specified, defaulting to 'community'
2015-10-14 16:00:40.137+0000 INFO  [org.neo4j]: --- INITIALIZED diagnostics START ---
2015-10-14 16:00:40.138+0000 INFO  [org.neo4j]: Neo4j Kernel properties:
    store_dir=/Users/Ptx/Desktop/1neo4j_test/blog/db/neo4j-embedded
    ephemeral=false
2015-10-14 16:00:40.211+0000 INFO  [org.neo4j]: Diagnostics providers:
    org.neo4j.kernel.configuration.Config
    org.neo4j.kernel.info.DiagnosticsManager
    SYSTEM_MEMORY
    JAVA_MEMORY
    OPERATING_SYSTEM
    JAVA_VIRTUAL_MACHINE
    CLASSPATH
    LIBRARY_PATH
    SYSTEM_PROPERTIES
    NETWORK
2015-10-14 16:00:40.213+0000 INFO  [org.neo4j]: System memory information:
    Total Physical memory: 16.00 GB
    Free Physical memory: 581.58 MB
    Committed virtual memory: 4.33 GB
    Total swap space: 2.00 GB
    Free swap space: 922.75 MB
2015-10-14 16:00:40.217+0000 INFO  [org.neo4j]: JVM memory information:
    Free  memory: 180.31 MB
    Total memory: 349.00 MB
    Max   memory: 444.50 MB
    Garbage Collector: PS Scavenge: [PS Eden Space, PS Survivor Space]
    Garbage Collector: PS MarkSweep: [PS Eden Space, PS Survivor Space, PS Old Gen]
    Memory Pool: Code Cache (Non-heap memory): committed=19.31 MB, used=19.10 MB, max=240.00 MB, threshold=0.00 B
    Memory Pool: Metaspace (Non-heap memory): committed=39.59 MB, used=38.32 MB, max=-1.00 B, threshold=0.00 B
    Memory Pool: Compressed Class Space (Non-heap memory): committed=7.38 MB, used=6.89 MB, max=1.00 GB, threshold=0.00 B
    Memory Pool: PS Eden Space (Heap memory): committed=114.50 MB, used=2.18 MB, max=114.50 MB, threshold=?
    Memory Pool: PS Survivor Space (Heap memory): committed=26.00 MB, used=25.99 MB, max=26.00 MB, threshold=?
    Memory Pool: PS Old Gen (Heap memory): committed=208.50 MB, used=140.51 MB, max=333.50 MB, threshold=0.00 B
2015-10-14 16:00:40.222+0000 INFO  [org.neo4j]: Operating system information:
    Operating System: Mac OS X; version: 10.10.5; arch: x86_64; cpus: 8
    Max number of file descriptors: 10240
    Number of open file descriptors: 65
    Process id: 29469@Ptx-MacbookPro
    Byte order: LITTLE_ENDIAN
    Local timezone: Europe/Ljubljana
2015-10-14 16:00:40.225+0000 INFO  [org.neo4j]: JVM information:
    VM Name: Java HotSpot(TM) 64-Bit Server VM
    VM Vendor: Oracle Corporation
    VM Version: 25.51-b03
    JIT compiler: HotSpot 64-Bit Tiered Compilers
    VM Arguments: [-Djdk.home=, -Djruby.home=/Users/Ptx/.rbenv/versions/jruby-1.7.18, -Djruby.script=jruby, -Djruby.shell=/bin/sh, -Djffi.boot.library.path=/Users/Ptx/.rbenv/versions/jruby-1.7.18/lib/jni:/Users/Ptx/.rbenv/versions/jruby-1.7.18/lib/jni/Darwin, -Xmx500m, -Xss2048k, -Xbootclasspath/a:/Users/Ptx/.rbenv/versions/jruby-1.7.18/lib/jruby.jar, -Dfile.encoding=UTF-8]
2015-10-14 16:00:40.226+0000 INFO  [org.neo4j]: Java classpath:
     [loader.2] file:/Library/Java/JavaVirtualMachines/jdk1.8.0_51.jdk/Contents/Home/jre/lib/ext/nashorn.jar
     [loader.0] file:/Users/Ptx/.rbenv/versions/jruby-1.7.18/lib/ruby/gems/shared/gems/neo4j-community-2.2.4.1/lib/neo4j-community/jars/concurrentlinkedhashmap-lru-1.4.jar
     [bootstrap] /Library/Java/JavaVirtualMachines/jdk1.8.0_51.jdk/Contents/Home/jre/lib/resources.jar
     [loader.0] file:/Users/Ptx/.rbenv/versions/jruby-1.7.18/lib/ruby/gems/shared/gems/neo4j-community-2.2.4.1/lib/neo4j-community/jars/neo4j-jmx-2.2.4.jar
     [loader.0] file:/Users/Ptx/.rbenv/versions/jruby-1.7.18/lib/ruby/gems/shared/gems/neo4j-community-2.2.4.1/lib/neo4j-community/jars/neo4j-cypher-compiler-1.9-2.0.4.jar
     [loader.0] file:/Users/Ptx/.rbenv/versions/jruby-1.7.18/lib/ruby/gems/shared/gems/neo4j-community-2.2.4.1/lib/neo4j-community/jars/neo4j-import-tool-2.2.4.jar
     [loader.0] file:/Users/Ptx/.rbenv/versions/jruby-1.7.18/lib/ruby/shared/kryptcore.jar
     [loader.0] file:/Users/Ptx/.rbenv/versions/jruby-1.7.18/lib/ruby/gems/shared/gems/nokogiri-1.6.6.2-java/lib/jing.jar
     [loader.0] file:/Users/Ptx/.rbenv/versions/jruby-1.7.18/lib/ruby/gems/shared/gems/nokogiri-1.6.6.2-java/lib/isorelax.jar
     [loader.0] file:/Users/Ptx/.rbenv/versions/jruby-1.7.18/lib/ruby/gems/shared/gems/neo4j-community-2.2.4.1/lib/neo4j-community/jars/scala-library-2.10.5.jar
     [loader.0] file:/Users/Ptx/.rbenv/versions/jruby-1.7.18/lib/ruby/gems/shared/gems/neo4j-community-2.2.4.1/lib/neo4j-community/jars/neo4j-unsafe-2.2.4.jar
     [loader.0] file:/Users/Ptx/.rbenv/versions/jruby-1.7.18/lib/ruby/shared/readline/readline.jar
     [bootstrap] /Library/Java/JavaVirtualMachines/jdk1.8.0_51.jdk/Contents/Home/jre/classes
     [bootstrap] /Users/Ptx/.rbenv/versions/jruby-1.7.18/lib/jruby.jar
     [classpath + loader.1] file:/Users/Ptx/Desktop/1neo4j_test/blog/
     [loader.0] file:/Users/Ptx/.rbenv/versions/jruby-1.7.18/lib/ruby/gems/shared/gems/neo4j-community-2.2.4.1/lib/neo4j-community/jars/neo4j-kernel-2.2.4.jar
     [loader.0] file:/Users/Ptx/.rbenv/versions/jruby-1.7.18/lib/ruby/gems/shared/gems/neo4j-community-2.2.4.1/lib/neo4j-community/jars/neo4j-primitive-collections-2.2.4.jar
     [loader.0] file:/Users/Ptx/.rbenv/versions/jruby-1.7.18/lib/ruby/gems/shared/gems/thread_safe-0.3.5-java/lib/thread_safe/jruby_cache_backend.jar
     [loader.2] file:/Library/Java/JavaVirtualMachines/jdk1.8.0_51.jdk/Contents/Home/jre/lib/ext/sunjce_provider.jar
     [loader.2] file:/Library/Java/JavaVirtualMachines/jdk1.8.0_51.jdk/Contents/Home/jre/lib/ext/localedata.jar
     [bootstrap] /Library/Java/JavaVirtualMachines/jdk1.8.0_51.jdk/Contents/Home/jre/lib/charsets.jar
     [loader.0] file:/Users/Ptx/.rbenv/versions/jruby-1.7.18/lib/ruby/shared/readline/jline-2.11.jar
     [loader.0] file:/Users/Ptx/.rbenv/versions/jruby-1.7.18/lib/ruby/shared/org/bouncycastle/bcprov-jdk15on/1.47/bcprov-jdk15on-1.47.jar
     [loader.0] file:/Users/Ptx/.rbenv/versions/jruby-1.7.18/lib/ruby/gems/shared/gems/neo4j-community-2.2.4.1/lib/neo4j-community/jars/neo4j-graph-matching-2.2.4.jar
     [loader.2] file:/Library/Java/JavaVirtualMachines/jdk1.8.0_51.jdk/Contents/Home/jre/lib/ext/cldrdata.jar
     [loader.0] file:/Users/Ptx/.rbenv/versions/jruby-1.7.18/lib/ruby/gems/shared/gems/neo4j-community-2.2.4.1/lib/neo4j-community/jars/parboiled-scala_2.10-1.1.7.jar
     [loader.2] file:/Library/Java/JavaVirtualMachines/jdk1.8.0_51.jdk/Contents/Home/jre/lib/ext/jfxrt.jar
     [loader.0] file:/Users/Ptx/.rbenv/versions/jruby-1.7.18/lib/ruby/gems/shared/gems/json-1.8.3-java/lib/json/ext/parser.jar
     [loader.0] file:/Users/Ptx/.rbenv/versions/jruby-1.7.18/lib/ruby/gems/shared/gems/neo4j-community-2.2.4.1/lib/neo4j-community/jars/neo4j-lucene-index-2.2.4.jar
     [loader.2] file:/System/Library/Java/Extensions/MRJToolkit.jar
     [loader.0] file:/Users/Ptx/.rbenv/versions/jruby-1.7.18/lib/ruby/shared/kryptproviderjdk.jar
     [loader.0] file:/Users/Ptx/.rbenv/versions/jruby-1.7.18/lib/ruby/gems/shared/gems/neo4j-community-2.2.4.1/lib/neo4j-community/jars/neo4j-cypher-compiler-2.1-2.1.8.jar
     [bootstrap] /Library/Java/JavaVirtualMachines/jdk1.8.0_51.jdk/Contents/Home/jre/lib/jsse.jar
     [loader.0] file:/Users/Ptx/.rbenv/versions/jruby-1.7.18/lib/ruby/gems/shared/gems/nokogiri-1.6.6.2-java/lib/nekohtml.jar
     [loader.0] file:/Users/Ptx/.rbenv/versions/jruby-1.7.18/lib/ruby/gems/shared/gems/nokogiri-1.6.6.2-java/lib/nokogiri/nokogiri.jar
     [loader.0] file:/Users/Ptx/.rbenv/versions/jruby-1.7.18/lib/ruby/gems/shared/gems/json-1.8.3-java/lib/json/ext/generator.jar
     [loader.0] file:/Users/Ptx/.rbenv/versions/jruby-1.7.18/lib/ruby/gems/shared/gems/neo4j-community-2.2.4.1/lib/neo4j-community/jars/neo4j-cypher-compiler-2.0-2.0.4.jar
     [loader.0] file:/Users/Ptx/.rbenv/versions/jruby-1.7.18/lib/ruby/gems/shared/gems/neo4j-community-2.2.4.1/lib/neo4j-community/jars/neo4j-udc-2.2.4.jar
     [bootstrap] /Library/Java/JavaVirtualMachines/jdk1.8.0_51.jdk/Contents/Home/jre/lib/jce.jar
     [loader.2] file:/Library/Java/JavaVirtualMachines/jdk1.8.0_51.jdk/Contents/Home/jre/lib/ext/sunec.jar
     [loader.0] file:/Users/Ptx/.rbenv/versions/jruby-1.7.18/lib/ruby/gems/shared/gems/nokogiri-1.6.6.2-java/lib/xercesImpl.jar
     [loader.2] file:/Library/Java/JavaVirtualMachines/jdk1.8.0_51.jdk/Contents/Home/jre/lib/ext/sunpkcs11.jar
     [loader.0] file:/Users/Ptx/.rbenv/versions/jruby-1.7.18/lib/ruby/gems/shared/gems/neo4j-community-2.2.4.1/lib/neo4j-community/jars/opencsv-2.3.jar
     [loader.0] file:/Users/Ptx/.rbenv/versions/jruby-1.7.18/lib/ruby/shared/jopenssl.jar
     [loader.0] file:/Users/Ptx/.rbenv/versions/jruby-1.7.18/lib/ruby/gems/shared/gems/neo4j-community-2.2.4.1/lib/neo4j-community/jars/neo4j-cypher-2.2.4.jar
     [bootstrap] /Library/Java/JavaVirtualMachines/jdk1.8.0_51.jdk/Contents/Home/jre/lib/rt.jar
     [loader.0] file:/Users/Ptx/.rbenv/versions/jruby-1.7.18/lib/ruby/gems/shared/gems/neo4j-community-2.2.4.1/lib/neo4j-community/jars/neo4j-io-2.2.4.jar
     [loader.0] file:/Users/Ptx/.rbenv/versions/jruby-1.7.18/lib/ruby/gems/shared/gems/neo4j-community-2.2.4.1/lib/neo4j-community/jars/neo4j-cypher-compiler-2.2-2.2.4.jar
     [loader.0] file:/Users/Ptx/.rbenv/versions/jruby-1.7.18/lib/ruby/gems/shared/gems/neo4j-community-2.2.4.1/lib/neo4j-community/jars/parboiled-core-1.1.7.jar
     [loader.2] file:/Library/Java/JavaVirtualMachines/jdk1.8.0_51.jdk/Contents/Home/jre/lib/ext/zipfs.jar
     [loader.0] file:/Users/Ptx/.rbenv/versions/jruby-1.7.18/lib/ruby/gems/shared/gems/neo4j-community-2.2.4.1/lib/neo4j-community/jars/neo4j-csv-2.2.4.jar
     [loader.0] file:/Users/Ptx/.rbenv/versions/jruby-1.7.18/lib/ruby/gems/shared/gems/therubyrhino_jar-1.7.6/jar/rhino-1.7.6.jar
     [bootstrap] /Library/Java/JavaVirtualMachines/jdk1.8.0_51.jdk/Contents/Home/jre/lib/sunrsasign.jar
     [loader.0] file:/Users/Ptx/.rbenv/versions/jruby-1.7.18/lib/ruby/gems/shared/gems/neo4j-community-2.2.4.1/lib/neo4j-community/jars/neo4j-graph-algo-2.2.4.jar
     [loader.0] file:/Users/Ptx/.rbenv/versions/jruby-1.7.18/lib/ruby/gems/shared/gems/neo4j-community-2.2.4.1/lib/neo4j-community/jars/neo4j-consistency-check-2.2.4.jar
     [loader.2] file:/Library/Java/JavaVirtualMachines/jdk1.8.0_51.jdk/Contents/Home/jre/lib/ext/dnsns.jar
     [bootstrap] /Library/Java/JavaVirtualMachines/jdk1.8.0_51.jdk/Contents/Home/jre/lib/jfr.jar
     [loader.0] file:/Users/Ptx/.rbenv/versions/jruby-1.7.18/lib/ruby/gems/shared/gems/nokogiri-1.6.6.2-java/lib/nekodtd.jar
     [loader.0] file:/Users/Ptx/.rbenv/versions/jruby-1.7.18/lib/ruby/shared/org/bouncycastle/bcpkix-jdk15on/1.47/bcpkix-jdk15on-1.47.jar
     [loader.0] file:/Users/Ptx/.rbenv/versions/jruby-1.7.18/lib/ruby/gems/shared/gems/neo4j-community-2.2.4.1/lib/neo4j-community/jars/server-api-2.2.4.jar
     [loader.0] file:/Users/Ptx/.rbenv/versions/jruby-1.7.18/lib/ruby/gems/shared/gems/neo4j-community-2.2.4.1/lib/neo4j-community/jars/lucene-core-3.6.2.jar
2015-10-14 16:00:40.227+0000 INFO  [org.neo4j]: Library path:
    /Users/Ptx/Library/Java/Extensions
    /Library/Java/Extensions
    /Network/Library/Java/Extensions
    /System/Library/Java/Extensions
    /usr/lib/java
    /Users/Ptx/Desktop/1neo4j_test/blog
2015-10-14 16:00:40.228+0000 INFO  [org.neo4j]: System.properties:
    jruby.home = /Users/Ptx/.rbenv/versions/jruby-1.7.18
    sun.boot.library.path = /Library/Java/JavaVirtualMachines/jdk1.8.0_51.jdk/Contents/Home/jre/lib
    user.country.format = SI
    gopherProxySet = false
    path.separator = :
    file.encoding.pkg = sun.io
    user.country = US
    sun.java.launcher = SUN_STANDARD
    sun.os.patch.level = unknown
    user.dir = /Users/Ptx/Desktop/1neo4j_test/blog
    jdk.home = 
    sun.jnu.encoding = UTF-8
    sun.management.compiler = HotSpot 64-Bit Tiered Compilers
    http.nonProxyHosts = local|*.local|169.254/16|*.169.254/16
    jffi.boot.library.path = /Users/Ptx/.rbenv/versions/jruby-1.7.18/lib/jni:/Users/Ptx/.rbenv/versions/jruby-1.7.18/lib/jni/Darwin
    user.home = /Users/Ptx
    user.timezone = Europe/Ljubljana
    file.encoding = UTF-8
    jruby.script = jruby
    user.name = Ptx
    jruby.shell = /bin/sh
    sun.java.command = org/jruby/Main /Users/Ptx/.rbenv/versions/jruby-1.7.18/bin/rake routes
    sun.arch.data.model = 64
    user.language = en
    awt.toolkit = sun.lwawt.macosx.LWCToolkit
    file.separator = /
    sun.io.unicode.encoding = UnicodeBig
    sun.cpu.endian = little
    socksNonProxyHosts = local|*.local|169.254/16|*.169.254/16
    ftp.nonProxyHosts = local|*.local|169.254/16|*.169.254/16
    sun.cpu.isalist = 
2015-10-14 16:00:40.228+0000 INFO  [org.neo4j]: Network information:
    Interface awdl0:
        address: fe80:0:0:0:4015:80ff:fed1:97a0%awdl0
    Interface en0:
        address: fe80:0:0:0:62f8:1dff:fecd:a44e%en0
        address: 192.168.2.110
    Interface lo0:
        address: fe80:0:0:0:0:0:0:1%lo0
        address: 0:0:0:0:0:0:0:1
        address: 127.0.0.1
2015-10-14 16:00:40.231+0000 INFO  [org.neo4j]: --- INITIALIZED diagnostics END ---
2015-10-14 16:00:40.336+0000 INFO  [org.neo4j]: Shutdown started
2015-10-14 16:00:40.337+0000 INFO  [org.neo4j]: --- SHUTDOWN diagnostics START ---
2015-10-14 16:00:40.337+0000 INFO  [org.neo4j]: --- SHUTDOWN diagnostics END ---
