2015-10-14 15:05:59.220+0000 INFO  [o.n.s.CommunityNeoServer]: Setting startup timeout to: 120000ms based on 120000
2015-10-14 15:05:59.465+0000 INFO  [o.n.k.InternalAbstractGraphDatabase]: No locking implementation specified, defaulting to 'community'
2015-10-14 15:05:59.500+0000 INFO  [o.n.k.i.DiagnosticsManager]: --- INITIALIZED diagnostics START ---
2015-10-14 15:05:59.501+0000 INFO  [o.n.k.i.DiagnosticsManager]: Neo4j Kernel properties:
2015-10-14 15:05:59.503+0000 INFO  [o.n.k.i.DiagnosticsManager]: dbms.security.auth_enabled=false
2015-10-14 15:05:59.503+0000 INFO  [o.n.k.i.DiagnosticsManager]: org.neo4j.server.http.log.enabled=false
2015-10-14 15:05:59.503+0000 INFO  [o.n.k.i.DiagnosticsManager]: org.neo4j.server.webadmin.rrdb.location=data/rrd
2015-10-14 15:05:59.503+0000 INFO  [o.n.k.i.DiagnosticsManager]: org.neo4j.server.db.tuning.properties=conf/neo4j.properties
2015-10-14 15:05:59.503+0000 INFO  [o.n.k.i.DiagnosticsManager]: org.neo4j.server.webserver.https.keystore.location=data/keystore
2015-10-14 15:05:59.503+0000 INFO  [o.n.k.i.DiagnosticsManager]: dbms.querylog.filename=data/log/queries.log
2015-10-14 15:05:59.503+0000 INFO  [o.n.k.i.DiagnosticsManager]: org.neo4j.server.webserver.https.key.location=conf/ssl/snakeoil.key
2015-10-14 15:05:59.503+0000 INFO  [o.n.k.i.DiagnosticsManager]: store_dir=/Users/Ptx/Desktop/1neo4j_test/blog/db/neo4j/development/data/graph.db
2015-10-14 15:05:59.503+0000 INFO  [o.n.k.i.DiagnosticsManager]: org.neo4j.server.webserver.https.cert.location=conf/ssl/snakeoil.cert
2015-10-14 15:05:59.503+0000 INFO  [o.n.k.i.DiagnosticsManager]: org.neo4j.server.database.location=data/graph.db
2015-10-14 15:05:59.503+0000 INFO  [o.n.k.i.DiagnosticsManager]: remote_shell_enabled=true
2015-10-14 15:05:59.503+0000 INFO  [o.n.k.i.DiagnosticsManager]: org.neo4j.server.webserver.https.port=7473
2015-10-14 15:05:59.503+0000 INFO  [o.n.k.i.DiagnosticsManager]: org.neo4j.server.webserver.port=7474
2015-10-14 15:05:59.503+0000 INFO  [o.n.k.i.DiagnosticsManager]: org.neo4j.server.webserver.https.enabled=true
2015-10-14 15:05:59.503+0000 INFO  [o.n.k.i.DiagnosticsManager]: org.neo4j.server.http.log.config=conf/neo4j-http-logging.xml
2015-10-14 15:05:59.504+0000 INFO  [o.n.k.i.DiagnosticsManager]: Diagnostics providers:
2015-10-14 15:05:59.504+0000 INFO  [o.n.k.i.DiagnosticsManager]: org.neo4j.kernel.configuration.Config
2015-10-14 15:05:59.504+0000 INFO  [o.n.k.i.DiagnosticsManager]: org.neo4j.kernel.info.DiagnosticsManager
2015-10-14 15:05:59.504+0000 INFO  [o.n.k.i.DiagnosticsManager]: SYSTEM_MEMORY
2015-10-14 15:05:59.504+0000 INFO  [o.n.k.i.DiagnosticsManager]: JAVA_MEMORY
2015-10-14 15:05:59.504+0000 INFO  [o.n.k.i.DiagnosticsManager]: OPERATING_SYSTEM
2015-10-14 15:05:59.504+0000 INFO  [o.n.k.i.DiagnosticsManager]: JAVA_VIRTUAL_MACHINE
2015-10-14 15:05:59.504+0000 INFO  [o.n.k.i.DiagnosticsManager]: CLASSPATH
2015-10-14 15:05:59.504+0000 INFO  [o.n.k.i.DiagnosticsManager]: LIBRARY_PATH
2015-10-14 15:05:59.504+0000 INFO  [o.n.k.i.DiagnosticsManager]: SYSTEM_PROPERTIES
2015-10-14 15:05:59.504+0000 INFO  [o.n.k.i.DiagnosticsManager]: NETWORK
2015-10-14 15:05:59.504+0000 INFO  [o.n.k.i.DiagnosticsManager]: System memory information:
2015-10-14 15:05:59.505+0000 INFO  [o.n.k.i.DiagnosticsManager]: Total Physical memory: 16.00 GB
2015-10-14 15:05:59.506+0000 INFO  [o.n.k.i.DiagnosticsManager]: Free Physical memory: 900.11 MB
2015-10-14 15:05:59.506+0000 INFO  [o.n.k.i.DiagnosticsManager]: Committed virtual memory: 7.84 GB
2015-10-14 15:05:59.507+0000 INFO  [o.n.k.i.DiagnosticsManager]: Total swap space: 2.00 GB
2015-10-14 15:05:59.507+0000 INFO  [o.n.k.i.DiagnosticsManager]: Free swap space: 922.75 MB
2015-10-14 15:05:59.507+0000 INFO  [o.n.k.i.DiagnosticsManager]: JVM memory information:
2015-10-14 15:05:59.507+0000 INFO  [o.n.k.i.DiagnosticsManager]: Free  memory: 147.62 MB
2015-10-14 15:05:59.508+0000 INFO  [o.n.k.i.DiagnosticsManager]: Total memory: 247.50 MB
2015-10-14 15:05:59.508+0000 INFO  [o.n.k.i.DiagnosticsManager]: Max   memory: 3.94 GB
2015-10-14 15:05:59.509+0000 INFO  [o.n.k.i.DiagnosticsManager]: Garbage Collector: ParNew: [Par Eden Space, Par Survivor Space]
2015-10-14 15:05:59.509+0000 INFO  [o.n.k.i.DiagnosticsManager]: Garbage Collector: ConcurrentMarkSweep: [Par Eden Space, Par Survivor Space, CMS Old Gen]
2015-10-14 15:05:59.510+0000 INFO  [o.n.k.i.DiagnosticsManager]: Memory Pool: Code Cache (Non-heap memory): committed=3.38 MB, used=3.37 MB, max=240.00 MB, threshold=0.00 B
2015-10-14 15:05:59.511+0000 INFO  [o.n.k.i.DiagnosticsManager]: Memory Pool: Metaspace (Non-heap memory): committed=13.00 MB, used=12.63 MB, max=-1.00 B, threshold=0.00 B
2015-10-14 15:05:59.511+0000 INFO  [o.n.k.i.DiagnosticsManager]: Memory Pool: Compressed Class Space (Non-heap memory): committed=1.75 MB, used=1.66 MB, max=1.00 GB, threshold=0.00 B
2015-10-14 15:05:59.512+0000 INFO  [o.n.k.i.DiagnosticsManager]: Memory Pool: Par Eden Space (Heap memory): committed=68.31 MB, used=64.94 MB, max=532.56 MB, threshold=?
2015-10-14 15:05:59.512+0000 INFO  [o.n.k.i.DiagnosticsManager]: Memory Pool: Par Survivor Space (Heap memory): committed=8.50 MB, used=8.50 MB, max=66.50 MB, threshold=?
2015-10-14 15:05:59.512+0000 INFO  [o.n.k.i.DiagnosticsManager]: Memory Pool: CMS Old Gen (Heap memory): committed=170.69 MB, used=26.43 MB, max=3.35 GB, threshold=0.00 B
2015-10-14 15:05:59.512+0000 INFO  [o.n.k.i.DiagnosticsManager]: Operating system information:
2015-10-14 15:05:59.513+0000 INFO  [o.n.k.i.DiagnosticsManager]: Operating System: Mac OS X; version: 10.10.5; arch: x86_64; cpus: 8
2015-10-14 15:05:59.513+0000 INFO  [o.n.k.i.DiagnosticsManager]: Max number of file descriptors: 10240
2015-10-14 15:05:59.514+0000 INFO  [o.n.k.i.DiagnosticsManager]: Number of open file descriptors: 81
2015-10-14 15:05:59.514+0000 INFO  [o.n.k.i.DiagnosticsManager]: Process id: 27810@Ptx-MacbookPro
2015-10-14 15:05:59.514+0000 INFO  [o.n.k.i.DiagnosticsManager]: Byte order: LITTLE_ENDIAN
2015-10-14 15:05:59.514+0000 INFO  [o.n.k.i.DiagnosticsManager]: Local timezone: Europe/Ljubljana
2015-10-14 15:05:59.514+0000 INFO  [o.n.k.i.DiagnosticsManager]: JVM information:
2015-10-14 15:05:59.514+0000 INFO  [o.n.k.i.DiagnosticsManager]: VM Name: Java HotSpot(TM) 64-Bit Server VM
2015-10-14 15:05:59.514+0000 INFO  [o.n.k.i.DiagnosticsManager]: VM Vendor: Oracle Corporation
2015-10-14 15:05:59.514+0000 INFO  [o.n.k.i.DiagnosticsManager]: VM Version: 25.51-b03
2015-10-14 15:05:59.514+0000 INFO  [o.n.k.i.DiagnosticsManager]: JIT compiler: HotSpot 64-Bit Tiered Compilers
2015-10-14 15:05:59.515+0000 INFO  [o.n.k.i.DiagnosticsManager]: VM Arguments: [-XX:+DisableExplicitGC, -Dorg.neo4j.server.properties=conf/neo4j-server.properties, -Djava.util.logging.config.file=conf/logging.properties, -XX:+UseConcMarkSweepGC, -XX:+CMSClassUnloadingEnabled, -XX:-OmitStackTraceInFastThrow, -XX:hashCode=5, -Dneo4j.ext.udc.source=tarball, -Dneo4j.home=/Users/Ptx/Desktop/1neo4j_test/blog/db/neo4j/development, -Dneo4j.instance=/Users/Ptx/Desktop/1neo4j_test/blog/db/neo4j/development, -Dfile.encoding=UTF-8]
2015-10-14 15:05:59.515+0000 INFO  [o.n.k.i.DiagnosticsManager]: Java classpath:
2015-10-14 15:05:59.518+0000 INFO  [o.n.k.i.DiagnosticsManager]:  [classpath + loader.0] file:/Users/Ptx/Desktop/1neo4j_test/blog/db/neo4j/development/system/lib/jsr311-api-1.1.2.r612.jar
2015-10-14 15:05:59.518+0000 INFO  [o.n.k.i.DiagnosticsManager]:  [loader.1] file:/Library/Java/JavaVirtualMachines/jdk1.8.0_51.jdk/Contents/Home/jre/lib/ext/nashorn.jar
2015-10-14 15:05:59.518+0000 INFO  [o.n.k.i.DiagnosticsManager]:  [classpath + loader.0] file:/Users/Ptx/Desktop/1neo4j_test/blog/db/neo4j/development/lib/neo4j-csv-2.2.5.jar
2015-10-14 15:05:59.518+0000 INFO  [o.n.k.i.DiagnosticsManager]:  [classpath + loader.0] file:/Users/Ptx/Desktop/1neo4j_test/blog/db/neo4j/development/system/lib/neo4j-browser-2.2.5.jar
2015-10-14 15:05:59.518+0000 INFO  [o.n.k.i.DiagnosticsManager]:  [bootstrap] /Library/Java/JavaVirtualMachines/jdk1.8.0_51.jdk/Contents/Home/jre/lib/resources.jar
2015-10-14 15:05:59.518+0000 INFO  [o.n.k.i.DiagnosticsManager]:  [classpath + loader.0] file:/Users/Ptx/Desktop/1neo4j_test/blog/db/neo4j/development/lib/neo4j-graph-matching-2.2.5.jar
2015-10-14 15:05:59.518+0000 INFO  [o.n.k.i.DiagnosticsManager]:  [classpath + loader.0] file:/Users/Ptx/Desktop/1neo4j_test/blog/db/neo4j/development/lib/parboiled-core-1.1.7.jar
2015-10-14 15:05:59.518+0000 INFO  [o.n.k.i.DiagnosticsManager]:  [classpath + loader.0] file:/Users/Ptx/Desktop/1neo4j_test/blog/db/neo4j/development/system/lib/mimepull-1.9.3.jar
2015-10-14 15:05:59.518+0000 INFO  [o.n.k.i.DiagnosticsManager]:  [classpath + loader.0] file:/Users/Ptx/Desktop/1neo4j_test/blog/db/neo4j/development/system/lib/jetty-util-9.2.4.v20141103.jar
2015-10-14 15:05:59.518+0000 INFO  [o.n.k.i.DiagnosticsManager]:  [classpath + loader.0] file:/Users/Ptx/Desktop/1neo4j_test/blog/db/neo4j/development/system/lib/logback-core-1.1.2.jar
2015-10-14 15:05:59.518+0000 INFO  [o.n.k.i.DiagnosticsManager]:  [classpath + loader.0] file:/Users/Ptx/Desktop/1neo4j_test/blog/db/neo4j/development/lib/neo4j-shell-2.2.5.jar
2015-10-14 15:05:59.518+0000 INFO  [o.n.k.i.DiagnosticsManager]:  [bootstrap] /Library/Java/JavaVirtualMachines/jdk1.8.0_51.jdk/Contents/Home/jre/classes
2015-10-14 15:05:59.518+0000 INFO  [o.n.k.i.DiagnosticsManager]:  [classpath + loader.0] file:/Users/Ptx/Desktop/1neo4j_test/blog/db/neo4j/development/lib/neo4j-primitive-collections-2.2.5.jar
2015-10-14 15:05:59.518+0000 INFO  [o.n.k.i.DiagnosticsManager]:  [classpath + loader.0] file:/Users/Ptx/Desktop/1neo4j_test/blog/db/neo4j/development/system/lib/commons-compiler-2.6.1.jar
2015-10-14 15:05:59.518+0000 INFO  [o.n.k.i.DiagnosticsManager]:  [classpath + loader.0] file:/Users/Ptx/Desktop/1neo4j_test/blog/db/neo4j/development/conf/
2015-10-14 15:05:59.518+0000 INFO  [o.n.k.i.DiagnosticsManager]:  [loader.1] file:/Library/Java/JavaVirtualMachines/jdk1.8.0_51.jdk/Contents/Home/jre/lib/ext/sunjce_provider.jar
2015-10-14 15:05:59.518+0000 INFO  [o.n.k.i.DiagnosticsManager]:  [classpath + loader.0] file:/Users/Ptx/Desktop/1neo4j_test/blog/db/neo4j/development/lib/neo4j-lucene-index-2.2.5.jar
2015-10-14 15:05:59.518+0000 INFO  [o.n.k.i.DiagnosticsManager]:  [loader.1] file:/Library/Java/JavaVirtualMachines/jdk1.8.0_51.jdk/Contents/Home/jre/lib/ext/localedata.jar
2015-10-14 15:05:59.518+0000 INFO  [o.n.k.i.DiagnosticsManager]:  [bootstrap] /Library/Java/JavaVirtualMachines/jdk1.8.0_51.jdk/Contents/Home/jre/lib/charsets.jar
2015-10-14 15:05:59.518+0000 INFO  [o.n.k.i.DiagnosticsManager]:  [classpath + loader.0] file:/Users/Ptx/Desktop/1neo4j_test/blog/db/neo4j/development/system/lib/jersey-multipart-1.19.jar
2015-10-14 15:05:59.518+0000 INFO  [o.n.k.i.DiagnosticsManager]:  [classpath + loader.0] file:/Users/Ptx/Desktop/1neo4j_test/blog/db/neo4j/development/system/lib/scala-reflect-2.10.5.jar
2015-10-14 15:05:59.519+0000 INFO  [o.n.k.i.DiagnosticsManager]:  [classpath + loader.0] file:/Users/Ptx/Desktop/1neo4j_test/blog/db/neo4j/development/lib/server-api-2.2.5.jar
2015-10-14 15:05:59.519+0000 INFO  [o.n.k.i.DiagnosticsManager]:  [classpath + loader.0] file:/Users/Ptx/Desktop/1neo4j_test/blog/db/neo4j/development/system/lib/logback-access-1.1.2.jar
2015-10-14 15:05:59.519+0000 INFO  [o.n.k.i.DiagnosticsManager]:  [classpath + loader.0] file:/Users/Ptx/Desktop/1neo4j_test/blog/db/neo4j/development/system/lib/jetty-servlet-9.2.4.v20141103.jar
2015-10-14 15:05:59.519+0000 INFO  [o.n.k.i.DiagnosticsManager]:  [loader.1] file:/Library/Java/JavaVirtualMachines/jdk1.8.0_51.jdk/Contents/Home/jre/lib/ext/cldrdata.jar
2015-10-14 15:05:59.519+0000 INFO  [o.n.k.i.DiagnosticsManager]:  [classpath + loader.0] file:/Users/Ptx/Desktop/1neo4j_test/blog/db/neo4j/development/system/lib/javax.servlet-api-3.1.0.jar
2015-10-14 15:05:59.519+0000 INFO  [o.n.k.i.DiagnosticsManager]:  [classpath + loader.0] file:/Users/Ptx/Desktop/1neo4j_test/blog/db/neo4j/development/lib/neo4j-graph-algo-2.2.5.jar
2015-10-14 15:05:59.519+0000 INFO  [o.n.k.i.DiagnosticsManager]:  [classpath + loader.0] file:/Users/Ptx/Desktop/1neo4j_test/blog/db/neo4j/development/system/lib/jackson-mapper-asl-1.9.13.jar
2015-10-14 15:05:59.519+0000 INFO  [o.n.k.i.DiagnosticsManager]:  [classpath + loader.0] file:/Users/Ptx/Desktop/1neo4j_test/blog/db/neo4j/development/system/lib/rhino-1.7R4.jar
2015-10-14 15:05:59.519+0000 INFO  [o.n.k.i.DiagnosticsManager]:  [loader.1] file:/Library/Java/JavaVirtualMachines/jdk1.8.0_51.jdk/Contents/Home/jre/lib/ext/jfxrt.jar
2015-10-14 15:05:59.519+0000 INFO  [o.n.k.i.DiagnosticsManager]:  [classpath + loader.0] file:/Users/Ptx/Desktop/1neo4j_test/blog/db/neo4j/development/system/lib/bcprov-jdk16-140.jar
2015-10-14 15:05:59.519+0000 INFO  [o.n.k.i.DiagnosticsManager]:  [classpath + loader.0] file:/Users/Ptx/Desktop/1neo4j_test/blog/db/neo4j/development/system/lib/commons-logging-1.1.1.jar
2015-10-14 15:05:59.519+0000 INFO  [o.n.k.i.DiagnosticsManager]:  [classpath + loader.0] file:/Users/Ptx/Desktop/1neo4j_test/blog/db/neo4j/development/system/lib/jetty-server-9.2.4.v20141103.jar
2015-10-14 15:05:59.519+0000 INFO  [o.n.k.i.DiagnosticsManager]:  [classpath + loader.0] file:/Users/Ptx/Desktop/1neo4j_test/blog/db/neo4j/development/lib/neo4j-import-tool-2.2.5.jar
2015-10-14 15:05:59.519+0000 INFO  [o.n.k.i.DiagnosticsManager]:  [classpath + loader.0] file:/Users/Ptx/Desktop/1neo4j_test/blog/db/neo4j/development/system/lib/jetty-http-9.2.4.v20141103.jar
2015-10-14 15:05:59.519+0000 INFO  [o.n.k.i.DiagnosticsManager]:  [classpath + loader.0] file:/Users/Ptx/Desktop/1neo4j_test/blog/db/neo4j/development/lib/neo4j-cypher-compiler-1.9-2.0.4.jar
2015-10-14 15:05:59.519+0000 INFO  [o.n.k.i.DiagnosticsManager]:  [loader.1] file:/System/Library/Java/Extensions/MRJToolkit.jar
2015-10-14 15:05:59.519+0000 INFO  [o.n.k.i.DiagnosticsManager]:  [classpath + loader.0] file:/Users/Ptx/Desktop/1neo4j_test/blog/db/neo4j/development/lib/neo4j-consistency-check-2.2.5.jar
2015-10-14 15:05:59.519+0000 INFO  [o.n.k.i.DiagnosticsManager]:  [classpath + loader.0] file:/Users/Ptx/Desktop/1neo4j_test/blog/db/neo4j/development/system/lib/jackson-jaxrs-1.9.13.jar
2015-10-14 15:05:59.519+0000 INFO  [o.n.k.i.DiagnosticsManager]:  [classpath + loader.0] file:/Users/Ptx/Desktop/1neo4j_test/blog/db/neo4j/development/lib/neo4j-kernel-2.2.5.jar
2015-10-14 15:05:59.519+0000 INFO  [o.n.k.i.DiagnosticsManager]:  [classpath + loader.0] file:/Users/Ptx/Desktop/1neo4j_test/blog/db/neo4j/development/lib/neo4j-cypher-2.2.5.jar
2015-10-14 15:05:59.519+0000 INFO  [o.n.k.i.DiagnosticsManager]:  [classpath + loader.0] file:/Users/Ptx/Desktop/1neo4j_test/blog/db/neo4j/development/system/lib/slf4j-api-1.7.7.jar
2015-10-14 15:05:59.519+0000 INFO  [o.n.k.i.DiagnosticsManager]:  [bootstrap] /Library/Java/JavaVirtualMachines/jdk1.8.0_51.jdk/Contents/Home/jre/lib/jsse.jar
2015-10-14 15:05:59.519+0000 INFO  [o.n.k.i.DiagnosticsManager]:  [classpath + loader.0] file:/Users/Ptx/Desktop/1neo4j_test/blog/db/neo4j/development/system/lib/jetty-security-9.2.4.v20141103.jar
2015-10-14 15:05:59.519+0000 INFO  [o.n.k.i.DiagnosticsManager]:  [classpath + loader.0] file:/Users/Ptx/Desktop/1neo4j_test/blog/db/neo4j/development/system/lib/jcl-over-slf4j-1.7.7.jar
2015-10-14 15:05:59.519+0000 INFO  [o.n.k.i.DiagnosticsManager]:  [classpath + loader.0] file:/Users/Ptx/Desktop/1neo4j_test/blog/db/neo4j/development/system/lib/jersey-server-1.19.jar
2015-10-14 15:05:59.519+0000 INFO  [o.n.k.i.DiagnosticsManager]:  [classpath + loader.0] file:/Users/Ptx/Desktop/1neo4j_test/blog/db/neo4j/development/system/lib/commons-io-2.4.jar
2015-10-14 15:05:59.519+0000 INFO  [o.n.k.i.DiagnosticsManager]:  [classpath + loader.0] file:/Users/Ptx/Desktop/1neo4j_test/blog/db/neo4j/development/system/lib/jackson-core-asl-1.9.13.jar
2015-10-14 15:05:59.519+0000 INFO  [o.n.k.i.DiagnosticsManager]:  [bootstrap] /Library/Java/JavaVirtualMachines/jdk1.8.0_51.jdk/Contents/Home/jre/lib/jce.jar
2015-10-14 15:05:59.519+0000 INFO  [o.n.k.i.DiagnosticsManager]:  [loader.1] file:/Library/Java/JavaVirtualMachines/jdk1.8.0_51.jdk/Contents/Home/jre/lib/ext/sunec.jar
2015-10-14 15:05:59.519+0000 INFO  [o.n.k.i.DiagnosticsManager]:  [classpath + loader.0] file:/Users/Ptx/Desktop/1neo4j_test/blog/db/neo4j/development/system/lib/jetty-xml-9.2.4.v20141103.jar
2015-10-14 15:05:59.519+0000 INFO  [o.n.k.i.DiagnosticsManager]:  [classpath + loader.0] file:/Users/Ptx/Desktop/1neo4j_test/blog/db/neo4j/development/system/lib/neo4j-server-2.2.5.jar
2015-10-14 15:05:59.519+0000 INFO  [o.n.k.i.DiagnosticsManager]:  [loader.1] file:/Library/Java/JavaVirtualMachines/jdk1.8.0_51.jdk/Contents/Home/jre/lib/ext/sunpkcs11.jar
2015-10-14 15:05:59.519+0000 INFO  [o.n.k.i.DiagnosticsManager]:  [bootstrap] /Library/Java/JavaVirtualMachines/jdk1.8.0_51.jdk/Contents/Home/jre/lib/rt.jar
2015-10-14 15:05:59.519+0000 INFO  [o.n.k.i.DiagnosticsManager]:  [classpath + loader.0] file:/Users/Ptx/Desktop/1neo4j_test/blog/db/neo4j/development/system/lib/neo4j-server-2.2.5-static-web.jar
2015-10-14 15:05:59.519+0000 INFO  [o.n.k.i.DiagnosticsManager]:  [classpath + loader.0] file:/Users/Ptx/Desktop/1neo4j_test/blog/db/neo4j/development/system/lib/commons-digester-2.1.jar
2015-10-14 15:05:59.519+0000 INFO  [o.n.k.i.DiagnosticsManager]:  [classpath + loader.0] file:/Users/Ptx/Desktop/1neo4j_test/blog/db/neo4j/development/system/lib/rrd4j-2.2.jar
2015-10-14 15:05:59.519+0000 INFO  [o.n.k.i.DiagnosticsManager]:  [classpath + loader.0] file:/Users/Ptx/Desktop/1neo4j_test/blog/db/neo4j/development/lib/neo4j-cypher-compiler-2.2-2.2.5.jar
2015-10-14 15:05:59.519+0000 INFO  [o.n.k.i.DiagnosticsManager]:  [classpath + loader.0] file:/Users/Ptx/Desktop/1neo4j_test/blog/db/neo4j/development/system/lib/commons-lang-2.6.jar
2015-10-14 15:05:59.519+0000 INFO  [o.n.k.i.DiagnosticsManager]:  [classpath + loader.0] file:/Users/Ptx/Desktop/1neo4j_test/blog/db/neo4j/development/system/lib/jersey-servlet-1.19.jar
2015-10-14 15:05:59.519+0000 INFO  [o.n.k.i.DiagnosticsManager]:  [loader.1] file:/Library/Java/JavaVirtualMachines/jdk1.8.0_51.jdk/Contents/Home/jre/lib/ext/zipfs.jar
2015-10-14 15:05:59.519+0000 INFO  [o.n.k.i.DiagnosticsManager]:  [classpath + loader.0] file:/Users/Ptx/Desktop/1neo4j_test/blog/db/neo4j/development/system/lib/commons-beanutils-1.8.3.jar
2015-10-14 15:05:59.520+0000 INFO  [o.n.k.i.DiagnosticsManager]:  [classpath + loader.0] file:/Users/Ptx/Desktop/1neo4j_test/blog/db/neo4j/development/system/lib/jetty-io-9.2.4.v20141103.jar
2015-10-14 15:05:59.520+0000 INFO  [o.n.k.i.DiagnosticsManager]:  [classpath + loader.0] file:/Users/Ptx/Desktop/1neo4j_test/blog/db/neo4j/development/system/lib/jersey-core-1.19.jar
2015-10-14 15:05:59.520+0000 INFO  [o.n.k.i.DiagnosticsManager]:  [classpath + loader.0] file:/Users/Ptx/Desktop/1neo4j_test/blog/db/neo4j/development/system/lib/janino-2.6.1.jar
2015-10-14 15:05:59.520+0000 INFO  [o.n.k.i.DiagnosticsManager]:  [bootstrap] /Library/Java/JavaVirtualMachines/jdk1.8.0_51.jdk/Contents/Home/jre/lib/sunrsasign.jar
2015-10-14 15:05:59.520+0000 INFO  [o.n.k.i.DiagnosticsManager]:  [classpath + loader.0] file:/Users/Ptx/Desktop/1neo4j_test/blog/db/neo4j/development/lib/lucene-core-3.6.2.jar
2015-10-14 15:05:59.520+0000 INFO  [o.n.k.i.DiagnosticsManager]:  [classpath + loader.0] file:/Users/Ptx/Desktop/1neo4j_test/blog/db/neo4j/development/lib/neo4j-cypher-compiler-2.0-2.0.4.jar
2015-10-14 15:05:59.520+0000 INFO  [o.n.k.i.DiagnosticsManager]:  [classpath + loader.0] file:/Users/Ptx/Desktop/1neo4j_test/blog/db/neo4j/development/lib/neo4j-io-2.2.5.jar
2015-10-14 15:05:59.520+0000 INFO  [o.n.k.i.DiagnosticsManager]:  [classpath + loader.0] file:/Users/Ptx/Desktop/1neo4j_test/blog/db/neo4j/development/lib/scala-library-2.10.5.jar
2015-10-14 15:05:59.520+0000 INFO  [o.n.k.i.DiagnosticsManager]:  [classpath + loader.0] file:/Users/Ptx/Desktop/1neo4j_test/blog/db/neo4j/development/lib/concurrentlinkedhashmap-lru-1.4.jar
2015-10-14 15:05:59.520+0000 INFO  [o.n.k.i.DiagnosticsManager]:  [loader.1] file:/Library/Java/JavaVirtualMachines/jdk1.8.0_51.jdk/Contents/Home/jre/lib/ext/dnsns.jar
2015-10-14 15:05:59.520+0000 INFO  [o.n.k.i.DiagnosticsManager]:  [classpath + loader.0] file:/Users/Ptx/Desktop/1neo4j_test/blog/db/neo4j/development/system/lib/logback-classic-1.1.2.jar
2015-10-14 15:05:59.520+0000 INFO  [o.n.k.i.DiagnosticsManager]:  [classpath + loader.0] file:/Users/Ptx/Desktop/1neo4j_test/blog/db/neo4j/development/system/lib/commons-configuration-1.10.jar
2015-10-14 15:05:59.520+0000 INFO  [o.n.k.i.DiagnosticsManager]:  [bootstrap] /Library/Java/JavaVirtualMachines/jdk1.8.0_51.jdk/Contents/Home/jre/lib/jfr.jar
2015-10-14 15:05:59.520+0000 INFO  [o.n.k.i.DiagnosticsManager]:  [classpath + loader.0] file:/Users/Ptx/Desktop/1neo4j_test/blog/db/neo4j/development/lib/neo4j-unsafe-2.2.5.jar
2015-10-14 15:05:59.520+0000 INFO  [o.n.k.i.DiagnosticsManager]:  [classpath + loader.0] file:/Users/Ptx/Desktop/1neo4j_test/blog/db/neo4j/development/system/lib/jetty-webapp-9.2.4.v20141103.jar
2015-10-14 15:05:59.520+0000 INFO  [o.n.k.i.DiagnosticsManager]:  [classpath + loader.0] file:/Users/Ptx/Desktop/1neo4j_test/blog/db/neo4j/development/lib/neo4j-udc-2.2.5.jar
2015-10-14 15:05:59.520+0000 INFO  [o.n.k.i.DiagnosticsManager]:  [classpath + loader.0] file:/Users/Ptx/Desktop/1neo4j_test/blog/db/neo4j/development/lib/neo4j-jmx-2.2.5.jar
2015-10-14 15:05:59.520+0000 INFO  [o.n.k.i.DiagnosticsManager]:  [classpath + loader.0] file:/Users/Ptx/Desktop/1neo4j_test/blog/db/neo4j/development/lib/opencsv-2.3.jar
2015-10-14 15:05:59.520+0000 INFO  [o.n.k.i.DiagnosticsManager]:  [classpath + loader.0] file:/Users/Ptx/Desktop/1neo4j_test/blog/db/neo4j/development/lib/org.apache.servicemix.bundles.jline-0.9.94_1.jar
2015-10-14 15:05:59.520+0000 INFO  [o.n.k.i.DiagnosticsManager]:  [classpath + loader.0] file:/Users/Ptx/Desktop/1neo4j_test/blog/db/neo4j/development/lib/neo4j-cypher-compiler-2.1-2.1.8.jar
2015-10-14 15:05:59.520+0000 INFO  [o.n.k.i.DiagnosticsManager]:  [classpath + loader.0] file:/Users/Ptx/Desktop/1neo4j_test/blog/db/neo4j/development/lib/parboiled-scala_2.10-1.1.7.jar
2015-10-14 15:05:59.520+0000 INFO  [o.n.k.i.DiagnosticsManager]: Library path:
2015-10-14 15:05:59.520+0000 INFO  [o.n.k.i.DiagnosticsManager]: /Users/Ptx/Library/Java/Extensions
2015-10-14 15:05:59.520+0000 INFO  [o.n.k.i.DiagnosticsManager]: /Library/Java/Extensions
2015-10-14 15:05:59.520+0000 INFO  [o.n.k.i.DiagnosticsManager]: /Network/Library/Java/Extensions
2015-10-14 15:05:59.520+0000 INFO  [o.n.k.i.DiagnosticsManager]: /System/Library/Java/Extensions
2015-10-14 15:05:59.521+0000 INFO  [o.n.k.i.DiagnosticsManager]: /usr/lib/java
2015-10-14 15:05:59.521+0000 INFO  [o.n.k.i.DiagnosticsManager]: /Users/Ptx/Desktop/1neo4j_test/blog/db/neo4j/development
2015-10-14 15:05:59.521+0000 INFO  [o.n.k.i.DiagnosticsManager]: System.properties:
2015-10-14 15:05:59.521+0000 INFO  [o.n.k.i.DiagnosticsManager]: sun.boot.library.path = /Library/Java/JavaVirtualMachines/jdk1.8.0_51.jdk/Contents/Home/jre/lib
2015-10-14 15:05:59.521+0000 INFO  [o.n.k.i.DiagnosticsManager]: user.country.format = SI
2015-10-14 15:05:59.521+0000 INFO  [o.n.k.i.DiagnosticsManager]: org.neo4j.server.properties = conf/neo4j-server.properties
2015-10-14 15:05:59.521+0000 INFO  [o.n.k.i.DiagnosticsManager]: gopherProxySet = false
2015-10-14 15:05:59.521+0000 INFO  [o.n.k.i.DiagnosticsManager]: path.separator = :
2015-10-14 15:05:59.521+0000 INFO  [o.n.k.i.DiagnosticsManager]: file.encoding.pkg = sun.io
2015-10-14 15:05:59.521+0000 INFO  [o.n.k.i.DiagnosticsManager]: user.country = US
2015-10-14 15:05:59.521+0000 INFO  [o.n.k.i.DiagnosticsManager]: sun.java.launcher = SUN_STANDARD
2015-10-14 15:05:59.521+0000 INFO  [o.n.k.i.DiagnosticsManager]: sun.os.patch.level = unknown
2015-10-14 15:05:59.521+0000 INFO  [o.n.k.i.DiagnosticsManager]: user.dir = /Users/Ptx/Desktop/1neo4j_test/blog/db/neo4j/development
2015-10-14 15:05:59.521+0000 INFO  [o.n.k.i.DiagnosticsManager]: neo4j.ext.udc.source = tarball
2015-10-14 15:05:59.521+0000 INFO  [o.n.k.i.DiagnosticsManager]: sun.jnu.encoding = UTF-8
2015-10-14 15:05:59.521+0000 INFO  [o.n.k.i.DiagnosticsManager]: sun.management.compiler = HotSpot 64-Bit Tiered Compilers
2015-10-14 15:05:59.521+0000 INFO  [o.n.k.i.DiagnosticsManager]: http.nonProxyHosts = local|*.local|169.254/16|*.169.254/16
2015-10-14 15:05:59.521+0000 INFO  [o.n.k.i.DiagnosticsManager]: user.home = /Users/Ptx
2015-10-14 15:05:59.521+0000 INFO  [o.n.k.i.DiagnosticsManager]: user.timezone = Europe/Ljubljana
2015-10-14 15:05:59.521+0000 INFO  [o.n.k.i.DiagnosticsManager]: file.encoding = UTF-8
2015-10-14 15:05:59.521+0000 INFO  [o.n.k.i.DiagnosticsManager]: user.name = Ptx
2015-10-14 15:05:59.521+0000 INFO  [o.n.k.i.DiagnosticsManager]: sun.java.command = org.neo4j.server.Bootstrapper
2015-10-14 15:05:59.521+0000 INFO  [o.n.k.i.DiagnosticsManager]: sun.arch.data.model = 64
2015-10-14 15:05:59.522+0000 INFO  [o.n.k.i.DiagnosticsManager]: user.language = en
2015-10-14 15:05:59.522+0000 INFO  [o.n.k.i.DiagnosticsManager]: awt.toolkit = sun.lwawt.macosx.LWCToolkit
2015-10-14 15:05:59.522+0000 INFO  [o.n.k.i.DiagnosticsManager]: file.separator = /
2015-10-14 15:05:59.522+0000 INFO  [o.n.k.i.DiagnosticsManager]: sun.io.unicode.encoding = UnicodeBig
2015-10-14 15:05:59.522+0000 INFO  [o.n.k.i.DiagnosticsManager]: sun.cpu.endian = little
2015-10-14 15:05:59.522+0000 INFO  [o.n.k.i.DiagnosticsManager]: socksNonProxyHosts = local|*.local|169.254/16|*.169.254/16
2015-10-14 15:05:59.522+0000 INFO  [o.n.k.i.DiagnosticsManager]: neo4j.instance = /Users/Ptx/Desktop/1neo4j_test/blog/db/neo4j/development
2015-10-14 15:05:59.522+0000 INFO  [o.n.k.i.DiagnosticsManager]: ftp.nonProxyHosts = local|*.local|169.254/16|*.169.254/16
2015-10-14 15:05:59.522+0000 INFO  [o.n.k.i.DiagnosticsManager]: neo4j.home = /Users/Ptx/Desktop/1neo4j_test/blog/db/neo4j/development
2015-10-14 15:05:59.522+0000 INFO  [o.n.k.i.DiagnosticsManager]: sun.cpu.isalist = 
2015-10-14 15:05:59.522+0000 INFO  [o.n.k.i.DiagnosticsManager]: Network information:
2015-10-14 15:05:59.525+0000 INFO  [o.n.k.i.DiagnosticsManager]: Interface awdl0:
2015-10-14 15:05:59.525+0000 INFO  [o.n.k.i.DiagnosticsManager]:     address: fe80:0:0:0:4015:80ff:fed1:97a0%awdl0
2015-10-14 15:05:59.525+0000 INFO  [o.n.k.i.DiagnosticsManager]: Interface en0:
2015-10-14 15:05:59.525+0000 INFO  [o.n.k.i.DiagnosticsManager]:     address: fe80:0:0:0:62f8:1dff:fecd:a44e%en0
2015-10-14 15:05:59.525+0000 INFO  [o.n.k.i.DiagnosticsManager]:     address: 192.168.2.110
2015-10-14 15:05:59.525+0000 INFO  [o.n.k.i.DiagnosticsManager]: Interface lo0:
2015-10-14 15:05:59.525+0000 INFO  [o.n.k.i.DiagnosticsManager]:     address: fe80:0:0:0:0:0:0:1%lo0
2015-10-14 15:05:59.525+0000 INFO  [o.n.k.i.DiagnosticsManager]:     address: 0:0:0:0:0:0:0:1
2015-10-14 15:05:59.525+0000 INFO  [o.n.k.i.DiagnosticsManager]:     address: 127.0.0.1
2015-10-14 15:05:59.525+0000 INFO  [o.n.k.i.DiagnosticsManager]: --- INITIALIZED diagnostics END ---
2015-10-14 15:05:59.711+0000 INFO  [o.n.k.i.s.StoreFactory]: Creating new db @ /Users/Ptx/Desktop/1neo4j_test/blog/db/neo4j/development/data/graph.db/neostore
2015-10-14 15:05:59.744+0000 DEBUG [o.n.k.i.s.StoreFactory]: Closing /Users/Ptx/Desktop/1neo4j_test/blog/db/neo4j/development/data/graph.db/neostore.relationshiptypestore.db.names, truncating at 64 vs file size 64
2015-10-14 15:05:59.745+0000 DEBUG [o.n.k.i.s.StoreFactory]: Closing /Users/Ptx/Desktop/1neo4j_test/blog/db/neo4j/development/data/graph.db/neostore.relationshiptypestore.db, truncating at 28 vs file size 28
2015-10-14 15:05:59.749+0000 DEBUG [o.n.k.i.s.StoreFactory]: Closing /Users/Ptx/Desktop/1neo4j_test/blog/db/neo4j/development/data/graph.db/neostore.labeltokenstore.db.names, truncating at 64 vs file size 64
2015-10-14 15:05:59.750+0000 DEBUG [o.n.k.i.s.StoreFactory]: Closing /Users/Ptx/Desktop/1neo4j_test/blog/db/neo4j/development/data/graph.db/neostore.labeltokenstore.db, truncating at 22 vs file size 22
2015-10-14 15:05:59.790+0000 DEBUG [o.n.k.i.s.StoreFactory]: Closing /Users/Ptx/Desktop/1neo4j_test/blog/db/neo4j/development/data/graph.db/neostore.relationshiptypestore.db.names, truncating at 64 vs file size 64
2015-10-14 15:05:59.791+0000 DEBUG [o.n.k.i.s.StoreFactory]: Closing /Users/Ptx/Desktop/1neo4j_test/blog/db/neo4j/development/data/graph.db/neostore.relationshiptypestore.db, truncating at 28 vs file size 28
2015-10-14 15:05:59.792+0000 DEBUG [o.n.k.i.s.StoreFactory]: Closing /Users/Ptx/Desktop/1neo4j_test/blog/db/neo4j/development/data/graph.db/neostore.labeltokenstore.db.names, truncating at 64 vs file size 64
2015-10-14 15:05:59.792+0000 DEBUG [o.n.k.i.s.StoreFactory]: Closing /Users/Ptx/Desktop/1neo4j_test/blog/db/neo4j/development/data/graph.db/neostore.labeltokenstore.db, truncating at 22 vs file size 22
2015-10-14 15:05:59.793+0000 DEBUG [o.n.k.i.s.StoreFactory]: Closing /Users/Ptx/Desktop/1neo4j_test/blog/db/neo4j/development/data/graph.db/neostore.propertystore.db.strings, truncating at 154 vs file size 154
2015-10-14 15:05:59.794+0000 DEBUG [o.n.k.i.s.StoreFactory]: Closing /Users/Ptx/Desktop/1neo4j_test/blog/db/neo4j/development/data/graph.db/neostore.propertystore.db.index.keys, truncating at 64 vs file size 64
2015-10-14 15:05:59.794+0000 DEBUG [o.n.k.i.s.StoreFactory]: Closing /Users/Ptx/Desktop/1neo4j_test/blog/db/neo4j/development/data/graph.db/neostore.propertystore.db.index, truncating at 25 vs file size 25
2015-10-14 15:05:59.795+0000 DEBUG [o.n.k.i.s.StoreFactory]: Closing /Users/Ptx/Desktop/1neo4j_test/blog/db/neo4j/development/data/graph.db/neostore.propertystore.db.arrays, truncating at 153 vs file size 153
2015-10-14 15:05:59.796+0000 DEBUG [o.n.k.i.s.StoreFactory]: Closing /Users/Ptx/Desktop/1neo4j_test/blog/db/neo4j/development/data/graph.db/neostore.propertystore.db, truncating at 20 vs file size 20
2015-10-14 15:05:59.796+0000 DEBUG [o.n.k.i.s.StoreFactory]: Closing /Users/Ptx/Desktop/1neo4j_test/blog/db/neo4j/development/data/graph.db/neostore.relationshipstore.db, truncating at 24 vs file size 24
2015-10-14 15:05:59.797+0000 DEBUG [o.n.k.i.s.StoreFactory]: Closing /Users/Ptx/Desktop/1neo4j_test/blog/db/neo4j/development/data/graph.db/neostore.nodestore.db.labels, truncating at 93 vs file size 93
2015-10-14 15:05:59.798+0000 DEBUG [o.n.k.i.s.StoreFactory]: Closing /Users/Ptx/Desktop/1neo4j_test/blog/db/neo4j/development/data/graph.db/neostore.nodestore.db, truncating at 16 vs file size 16
2015-10-14 15:05:59.798+0000 DEBUG [o.n.k.i.s.StoreFactory]: Closing /Users/Ptx/Desktop/1neo4j_test/blog/db/neo4j/development/data/graph.db/neostore.schemastore.db, truncating at 82 vs file size 82
2015-10-14 15:05:59.799+0000 DEBUG [o.n.k.i.s.StoreFactory]: Closing /Users/Ptx/Desktop/1neo4j_test/blog/db/neo4j/development/data/graph.db/neostore.relationshipgroupstore.db, truncating at 54 vs file size 54
2015-10-14 15:05:59.800+0000 DEBUG [o.n.k.i.s.StoreFactory]: Closing /Users/Ptx/Desktop/1neo4j_test/blog/db/neo4j/development/data/graph.db/neostore, truncating at 114 vs file size 8190
2015-10-14 15:05:59.874+0000 INFO  [o.n.k.a.i.i.LuceneLabelScanStore]: No lucene scan store index found, this might just be first use. Preparing to rebuild.
2015-10-14 15:05:59.893+0000 INFO  [o.n.k.a.i.i.LuceneLabelScanStore]: No lucene scan store index found, this might just be first use. Preparing to rebuild.
2015-10-14 15:05:59.935+0000 INFO  [o.n.k.NeoStoreDataSource]: Opened logical log [/Users/Ptx/Desktop/1neo4j_test/blog/db/neo4j/development/data/graph.db/neostore.transaction.db.0] version=0, lastTxId=1 (clean)
2015-10-14 15:05:59.939+0000 WARN  [o.n.k.i.s.StoreFactory]: Missing counts store, rebuilding it.
2015-10-14 15:06:00.038+0000 DEBUG [o.n.k.i.a.i.IndexingService]: Applying recovered updates: hopscotch-table[LongKeyTable|capacity:32, size:0, usage:0.000000]
2015-10-14 15:06:00.040+0000 INFO  [o.n.k.a.i.i.LuceneLabelScanStore]: Rebuilding lucene scan store, this may take a while
2015-10-14 15:06:00.041+0000 INFO  [o.n.k.a.i.i.LuceneLabelScanStore]: Lucene scan store rebuilt (roughly -1 nodes)
2015-10-14 15:06:00.045+0000 INFO  [o.n.k.KernelHealth]: Kernel health set to OK
2015-10-14 15:06:00.392+0000 INFO  [o.n.k.i.DiagnosticsManager]: --- STARTED diagnostics for KernelDiagnostics:Versions START ---
2015-10-14 15:06:00.392+0000 INFO  [o.n.k.i.DiagnosticsManager]: Graph Database: org.neo4j.kernel.EmbeddedGraphDatabase StoreId{creationTime=1444835159711, randomId=5439046710854619010, storeVersion=14969031248344582, upgradeTime=1444835159711, upgradeId=1}
2015-10-14 15:06:00.392+0000 INFO  [o.n.k.i.DiagnosticsManager]: Kernel version: Neo4j - Graph Database Kernel (neo4j-kernel), version: 2.2.5
2015-10-14 15:06:00.392+0000 INFO  [o.n.k.i.DiagnosticsManager]: Neo4j component versions:
2015-10-14 15:06:00.396+0000 INFO  [o.n.k.i.DiagnosticsManager]:   Neo4j - Cypher Compiler 1.9 (neo4j-cypher-compiler-1.9), version: 2.0.4; revision: 2.0.4:2.0-maint:130/4a7d10bc274a5d26a180bbe9df25100e8a694748
2015-10-14 15:06:00.397+0000 INFO  [o.n.k.i.DiagnosticsManager]:   Neo4j - Consistency Checker (neo4j-consistency-check), version: 2.2.5; revision: 2.2.5:2.2:151/cf9c7fe724d193d2d54c55eb0c82cc9036fc05d6-dirty
2015-10-14 15:06:00.397+0000 INFO  [o.n.k.i.DiagnosticsManager]:   Neo4j - Cypher Compiler 2.2 (neo4j-cypher-compiler-2.2), version: 2.2.5; revision: 2.2.5:2.2:151/cf9c7fe724d193d2d54c55eb0c82cc9036fc05d6-dirty
2015-10-14 15:06:00.397+0000 INFO  [o.n.k.i.DiagnosticsManager]:   Neo4j - Import Command Line Tool (neo4j-import-tool), version: 2.2.5; revision: 2.2.5:2.2:151/cf9c7fe724d193d2d54c55eb0c82cc9036fc05d6-dirty
2015-10-14 15:06:00.397+0000 INFO  [o.n.k.i.DiagnosticsManager]:   Neo4j - Server API (server-api), version: 2.2.5; revision: 2.2.5:2.2:151/cf9c7fe724d193d2d54c55eb0c82cc9036fc05d6-dirty
2015-10-14 15:06:00.397+0000 INFO  [o.n.k.i.DiagnosticsManager]:   Neo4j - Graph Database Kernel (neo4j-kernel), version: 2.2.5; revision: 2.2.5:2.2:151/cf9c7fe724d193d2d54c55eb0c82cc9036fc05d6-dirty
2015-10-14 15:06:00.397+0000 INFO  [o.n.k.i.DiagnosticsManager]:   Neo4j - Cypher Compiler 2.1 (neo4j-cypher-compiler-2.1), version: 2.1.8; revision: 2.1.8:2.1-maint:687/5c83ce3a5ddf33259593f719153ce71a6fe89fc7
2015-10-14 15:06:00.397+0000 INFO  [o.n.k.i.DiagnosticsManager]:   Neo4j - Generic shell (neo4j-shell), version: 2.2.5; revision: 2.2.5:2.2:151/cf9c7fe724d193d2d54c55eb0c82cc9036fc05d6-dirty
2015-10-14 15:06:00.397+0000 INFO  [o.n.k.i.DiagnosticsManager]:   neo4j-udc, version: 2.2.5; revision: 2.2.5:2.2:151/cf9c7fe724d193d2d54c55eb0c82cc9036fc05d6-dirty
2015-10-14 15:06:00.397+0000 INFO  [o.n.k.i.DiagnosticsManager]:   Neo4j - Lucene Index (neo4j-lucene-index), version: 2.2.5; revision: 2.2.5:2.2:151/cf9c7fe724d193d2d54c55eb0c82cc9036fc05d6-dirty
2015-10-14 15:06:00.397+0000 INFO  [o.n.k.i.DiagnosticsManager]:   Neo4j - Server (neo4j-server), version: 2.2.5; revision: 2.2.5:2.2:151/cf9c7fe724d193d2d54c55eb0c82cc9036fc05d6-dirty
2015-10-14 15:06:00.397+0000 INFO  [o.n.k.i.DiagnosticsManager]:   Neo4j - Cypher Compiler 2.0 (neo4j-cypher-compiler-2.0), version: 2.0.4; revision: 2.0.4:2.0-maint:130/4a7d10bc274a5d26a180bbe9df25100e8a694748
2015-10-14 15:06:00.397+0000 INFO  [o.n.k.i.DiagnosticsManager]:   Neo4j - Graph Matching (neo4j-graph-matching), version: 2.2.5; revision: 2.2.5:2.2:151/cf9c7fe724d193d2d54c55eb0c82cc9036fc05d6-dirty
2015-10-14 15:06:00.397+0000 INFO  [o.n.k.i.DiagnosticsManager]:   Neo4j - JMX support (neo4j-jmx), version: 2.2.5; revision: 2.2.5:2.2:151/cf9c7fe724d193d2d54c55eb0c82cc9036fc05d6-dirty
2015-10-14 15:06:00.397+0000 INFO  [o.n.k.i.DiagnosticsManager]:   Neo4j - Cypher (neo4j-cypher), version: 2.2.5; revision: 2.2.5:2.2:151/cf9c7fe724d193d2d54c55eb0c82cc9036fc05d6-dirty
2015-10-14 15:06:00.397+0000 INFO  [o.n.k.i.DiagnosticsManager]:   Neo4j - Graph Algorithms (neo4j-graph-algo), version: 2.2.5; revision: 2.2.5:2.2:151/cf9c7fe724d193d2d54c55eb0c82cc9036fc05d6-dirty
2015-10-14 15:06:00.397+0000 INFO  [o.n.k.i.DiagnosticsManager]: --- STARTED diagnostics for KernelDiagnostics:Versions END ---
2015-10-14 15:06:00.398+0000 INFO  [o.n.k.i.DiagnosticsManager]: --- STARTED diagnostics for NEO_STORE_VERSIONS START ---
2015-10-14 15:06:00.398+0000 INFO  [o.n.k.i.DiagnosticsManager]: Store versions:
2015-10-14 15:06:00.398+0000 INFO  [o.n.k.i.DiagnosticsManager]: Store versions:
2015-10-14 15:06:00.398+0000 INFO  [o.n.k.i.DiagnosticsManager]:   NeoStore v0.A.5
2015-10-14 15:06:00.398+0000 INFO  [o.n.k.i.DiagnosticsManager]:   SchemaStore v0.A.5
2015-10-14 15:06:00.398+0000 INFO  [o.n.k.i.DiagnosticsManager]:   NodeStore v0.A.5
2015-10-14 15:06:00.398+0000 INFO  [o.n.k.i.DiagnosticsManager]:   RelationshipStore v0.A.5
2015-10-14 15:06:00.398+0000 INFO  [o.n.k.i.DiagnosticsManager]:   RelationshipTypeStore v0.A.5
2015-10-14 15:06:00.398+0000 INFO  [o.n.k.i.DiagnosticsManager]:   LabelTokenStore v0.A.5
2015-10-14 15:06:00.398+0000 INFO  [o.n.k.i.DiagnosticsManager]:   PropertyStore v0.A.5
2015-10-14 15:06:00.398+0000 INFO  [o.n.k.i.DiagnosticsManager]:   PropertyIndexStore v0.A.5
2015-10-14 15:06:00.399+0000 INFO  [o.n.k.i.DiagnosticsManager]:   StringPropertyStore v0.A.5
2015-10-14 15:06:00.399+0000 INFO  [o.n.k.i.DiagnosticsManager]:   ArrayPropertyStore v0.A.5
2015-10-14 15:06:00.399+0000 INFO  [o.n.k.i.DiagnosticsManager]:   RelationshipGroupStore v0.A.5
2015-10-14 15:06:00.399+0000 INFO  [o.n.k.i.DiagnosticsManager]: --- STARTED diagnostics for NEO_STORE_VERSIONS END ---
2015-10-14 15:06:00.399+0000 INFO  [o.n.k.i.DiagnosticsManager]: --- STARTED diagnostics for NEO_STORE_ID_USAGE START ---
2015-10-14 15:06:00.399+0000 INFO  [o.n.k.i.DiagnosticsManager]: Id usage:
2015-10-14 15:06:00.399+0000 INFO  [o.n.k.i.DiagnosticsManager]: Id usage:
2015-10-14 15:06:00.399+0000 INFO  [o.n.k.i.DiagnosticsManager]:   SchemaStore: used=1 high=0
2015-10-14 15:06:00.399+0000 INFO  [o.n.k.i.DiagnosticsManager]:   NodeStore: used=0 high=-1
2015-10-14 15:06:00.399+0000 INFO  [o.n.k.i.DiagnosticsManager]:   RelationshipStore: used=0 high=-1
2015-10-14 15:06:00.399+0000 INFO  [o.n.k.i.DiagnosticsManager]:   RelationshipTypeStore: used=0 high=-1
2015-10-14 15:06:00.399+0000 INFO  [o.n.k.i.DiagnosticsManager]:   LabelTokenStore: used=0 high=-1
2015-10-14 15:06:00.399+0000 INFO  [o.n.k.i.DiagnosticsManager]:   PropertyStore: used=0 high=-1
2015-10-14 15:06:00.399+0000 INFO  [o.n.k.i.DiagnosticsManager]:   PropertyIndexStore: used=0 high=-1
2015-10-14 15:06:00.399+0000 INFO  [o.n.k.i.DiagnosticsManager]:   StringPropertyStore: used=1 high=0
2015-10-14 15:06:00.400+0000 INFO  [o.n.k.i.DiagnosticsManager]:   ArrayPropertyStore: used=1 high=0
2015-10-14 15:06:00.400+0000 INFO  [o.n.k.i.DiagnosticsManager]:   RelationshipGroupStore: used=1 high=0
2015-10-14 15:06:00.400+0000 INFO  [o.n.k.i.DiagnosticsManager]: --- STARTED diagnostics for NEO_STORE_ID_USAGE END ---
2015-10-14 15:06:00.400+0000 INFO  [o.n.k.i.DiagnosticsManager]: --- STARTED diagnostics for KernelDiagnostics:StoreFiles START ---
2015-10-14 15:06:00.400+0000 INFO  [o.n.k.i.DiagnosticsManager]: Disk space on partition (Total / Free / Free %): 249820610560 / 120681455616 / 48
Storage files: (filename : modification date - size)
2015-10-14 15:06:00.401+0000 INFO  [o.n.k.i.DiagnosticsManager]:   index:
2015-10-14 15:06:00.401+0000 INFO  [o.n.k.i.DiagnosticsManager]:   - Total: 2015-10-14T17:05:59+0200 - 0.00 B
2015-10-14 15:06:00.401+0000 INFO  [o.n.k.i.DiagnosticsManager]:   lock: 2015-10-14T17:05:59+0200 - 0.00 B
2015-10-14 15:06:00.401+0000 INFO  [o.n.k.i.DiagnosticsManager]:   messages.log: 2015-10-14T17:06:00+0200 - 38.61 kB
2015-10-14 15:06:00.401+0000 INFO  [o.n.k.i.DiagnosticsManager]:   neostore: 2015-10-14T17:05:59+0200 - 99.00 B
2015-10-14 15:06:00.402+0000 INFO  [o.n.k.i.DiagnosticsManager]:   neostore.counts.db.a: 2015-10-14T17:06:00+0200 - 114.00 B
2015-10-14 15:06:00.402+0000 INFO  [o.n.k.i.DiagnosticsManager]:   neostore.id: 2015-10-14T17:05:59+0200 - 9.00 B
2015-10-14 15:06:00.402+0000 INFO  [o.n.k.i.DiagnosticsManager]:   neostore.labeltokenstore.db: 2015-10-14T17:05:59+0200 - 0.00 B
2015-10-14 15:06:00.402+0000 INFO  [o.n.k.i.DiagnosticsManager]:   neostore.labeltokenstore.db.id: 2015-10-14T17:05:59+0200 - 9.00 B
2015-10-14 15:06:00.403+0000 INFO  [o.n.k.i.DiagnosticsManager]:   neostore.labeltokenstore.db.names: 2015-10-14T17:05:59+0200 - 38.00 B
2015-10-14 15:06:00.403+0000 INFO  [o.n.k.i.DiagnosticsManager]:   neostore.labeltokenstore.db.names.id: 2015-10-14T17:05:59+0200 - 9.00 B
2015-10-14 15:06:00.403+0000 INFO  [o.n.k.i.DiagnosticsManager]:   neostore.nodestore.db: 2015-10-14T17:05:59+0200 - 0.00 B
2015-10-14 15:06:00.403+0000 INFO  [o.n.k.i.DiagnosticsManager]:   neostore.nodestore.db.id: 2015-10-14T17:05:59+0200 - 9.00 B
2015-10-14 15:06:00.403+0000 INFO  [o.n.k.i.DiagnosticsManager]:   neostore.nodestore.db.labels: 2015-10-14T17:05:59+0200 - 68.00 B
2015-10-14 15:06:00.403+0000 INFO  [o.n.k.i.DiagnosticsManager]:   neostore.nodestore.db.labels.id: 2015-10-14T17:05:59+0200 - 9.00 B
2015-10-14 15:06:00.404+0000 INFO  [o.n.k.i.DiagnosticsManager]:   neostore.propertystore.db: 2015-10-14T17:05:59+0200 - 0.00 B
2015-10-14 15:06:00.404+0000 INFO  [o.n.k.i.DiagnosticsManager]:   neostore.propertystore.db.arrays: 2015-10-14T17:05:59+0200 - 128.00 B
2015-10-14 15:06:00.404+0000 INFO  [o.n.k.i.DiagnosticsManager]:   neostore.propertystore.db.arrays.id: 2015-10-14T17:05:59+0200 - 9.00 B
2015-10-14 15:06:00.404+0000 INFO  [o.n.k.i.DiagnosticsManager]:   neostore.propertystore.db.id: 2015-10-14T17:05:59+0200 - 9.00 B
2015-10-14 15:06:00.404+0000 INFO  [o.n.k.i.DiagnosticsManager]:   neostore.propertystore.db.index: 2015-10-14T17:05:59+0200 - 0.00 B
2015-10-14 15:06:00.404+0000 INFO  [o.n.k.i.DiagnosticsManager]:   neostore.propertystore.db.index.id: 2015-10-14T17:05:59+0200 - 9.00 B
2015-10-14 15:06:00.405+0000 INFO  [o.n.k.i.DiagnosticsManager]:   neostore.propertystore.db.index.keys: 2015-10-14T17:05:59+0200 - 38.00 B
2015-10-14 15:06:00.405+0000 INFO  [o.n.k.i.DiagnosticsManager]:   neostore.propertystore.db.index.keys.id: 2015-10-14T17:05:59+0200 - 9.00 B
2015-10-14 15:06:00.405+0000 INFO  [o.n.k.i.DiagnosticsManager]:   neostore.propertystore.db.strings: 2015-10-14T17:05:59+0200 - 128.00 B
2015-10-14 15:06:00.405+0000 INFO  [o.n.k.i.DiagnosticsManager]:   neostore.propertystore.db.strings.id: 2015-10-14T17:05:59+0200 - 9.00 B
2015-10-14 15:06:00.405+0000 INFO  [o.n.k.i.DiagnosticsManager]:   neostore.relationshipgroupstore.db: 2015-10-14T17:05:59+0200 - 25.00 B
2015-10-14 15:06:00.405+0000 INFO  [o.n.k.i.DiagnosticsManager]:   neostore.relationshipgroupstore.db.id: 2015-10-14T17:05:59+0200 - 9.00 B
2015-10-14 15:06:00.406+0000 INFO  [o.n.k.i.DiagnosticsManager]:   neostore.relationshipstore.db: 2015-10-14T17:05:59+0200 - 0.00 B
2015-10-14 15:06:00.406+0000 INFO  [o.n.k.i.DiagnosticsManager]:   neostore.relationshipstore.db.id: 2015-10-14T17:05:59+0200 - 9.00 B
2015-10-14 15:06:00.406+0000 INFO  [o.n.k.i.DiagnosticsManager]:   neostore.relationshiptypestore.db: 2015-10-14T17:05:59+0200 - 0.00 B
2015-10-14 15:06:00.406+0000 INFO  [o.n.k.i.DiagnosticsManager]:   neostore.relationshiptypestore.db.id: 2015-10-14T17:05:59+0200 - 9.00 B
2015-10-14 15:06:00.406+0000 INFO  [o.n.k.i.DiagnosticsManager]:   neostore.relationshiptypestore.db.names: 2015-10-14T17:05:59+0200 - 38.00 B
2015-10-14 15:06:00.406+0000 INFO  [o.n.k.i.DiagnosticsManager]:   neostore.relationshiptypestore.db.names.id: 2015-10-14T17:05:59+0200 - 9.00 B
2015-10-14 15:06:00.407+0000 INFO  [o.n.k.i.DiagnosticsManager]:   neostore.schemastore.db: 2015-10-14T17:05:59+0200 - 64.00 B
2015-10-14 15:06:00.407+0000 INFO  [o.n.k.i.DiagnosticsManager]:   neostore.schemastore.db.id: 2015-10-14T17:05:59+0200 - 9.00 B
2015-10-14 15:06:00.407+0000 INFO  [o.n.k.i.DiagnosticsManager]:   neostore.transaction.db.0: 2015-10-14T17:05:59+0200 - 16.00 B
2015-10-14 15:06:00.407+0000 INFO  [o.n.k.i.DiagnosticsManager]:   schema:
2015-10-14 15:06:00.407+0000 INFO  [o.n.k.i.DiagnosticsManager]:     label:
2015-10-14 15:06:00.407+0000 INFO  [o.n.k.i.DiagnosticsManager]:       lucene:
2015-10-14 15:06:00.407+0000 INFO  [o.n.k.i.DiagnosticsManager]:         write.lock: 2015-10-14T17:05:59+0200 - 0.00 B
2015-10-14 15:06:00.408+0000 INFO  [o.n.k.i.DiagnosticsManager]:       - Total: 2015-10-14T17:05:59+0200 - 0.00 B
2015-10-14 15:06:00.408+0000 INFO  [o.n.k.i.DiagnosticsManager]:     - Total: 2015-10-14T17:05:59+0200 - 0.00 B
2015-10-14 15:06:00.408+0000 INFO  [o.n.k.i.DiagnosticsManager]:   - Total: 2015-10-14T17:05:59+0200 - 0.00 B
2015-10-14 15:06:00.408+0000 INFO  [o.n.k.i.DiagnosticsManager]:   store_lock: 2015-10-14T17:05:59+0200 - 0.00 B
2015-10-14 15:06:00.408+0000 INFO  [o.n.k.i.DiagnosticsManager]: --- STARTED diagnostics for KernelDiagnostics:StoreFiles END ---
2015-10-14 15:06:00.459+0000 DEBUG [o.n.k.EmbeddedGraphDatabase]: GC Monitor started. 
2015-10-14 15:06:00.459+0000 INFO  [o.n.k.EmbeddedGraphDatabase]: Database is now ready
2015-10-14 15:06:00.459+0000 INFO  [o.n.s.d.LifecycleManagingDatabase]: Successfully started database
2015-10-14 15:06:00.461+0000 INFO  [o.n.k.i.DiagnosticsManager]: --- SERVER STARTED START ---
2015-10-14 15:06:00.518+0000 INFO  [o.n.s.CommunityNeoServer]: Starting HTTP on port :7474 with 8 threads available
2015-10-14 15:06:00.630+0000 INFO  [o.n.s.CommunityNeoServer]: Enabling HTTPS on port :7473
2015-10-14 15:06:00.631+0000 INFO  [o.n.s.CommunityNeoServer]: No SSL certificate found, generating a self-signed certificate..
2015-10-14 15:06:00.853+0000 DEBUG [o.n.s.w.Jetty9WebServer]: Adding JAXRS classes [org.neo4j.server.rest.discovery.DiscoveryService, org.neo4j.server.rest.dbms.UserService] at [/]
2015-10-14 15:06:00.856+0000 DEBUG [o.n.s.w.Jetty9WebServer]: Adding JAXRS classes [org.neo4j.server.rest.web.RestfulGraphDatabase, org.neo4j.server.rest.web.TransactionalService, org.neo4j.server.rest.web.CypherService, org.neo4j.server.rest.web.DatabaseMetadataService, org.neo4j.server.rest.web.ExtensionService, org.neo4j.server.rest.web.ResourcesService, org.neo4j.server.rest.web.BatchOperationService] at [/db/data]
2015-10-14 15:06:00.859+0000 DEBUG [o.n.s.w.Jetty9WebServer]: Adding JAXRS classes [org.neo4j.server.rest.management.JmxService, org.neo4j.server.rest.management.RootService, org.neo4j.server.rest.management.VersionAndEditionService] at [/db/manage]
2015-10-14 15:06:00.860+0000 DEBUG [o.n.s.w.Jetty9WebServer]: Adding JAXRS classes [org.neo4j.server.rest.management.MonitorService, org.neo4j.server.rest.management.console.ConsoleService] at [/db/manage]
2015-10-14 15:06:00.900+0000 INFO  [o.n.s.w.Jetty9WebServer]: Mounting static content at [/webadmin] from [webadmin-html]
2015-10-14 15:06:00.920+0000 DEBUG [o.n.s.w.Jetty9WebServer]: Found [jar:file:/Users/Ptx/Desktop/1neo4j_test/blog/db/neo4j/development/system/lib/neo4j-server-2.2.5-static-web.jar!/webadmin-html]
2015-10-14 15:06:00.921+0000 DEBUG [o.n.s.w.Jetty9WebServer]: Mounting static content from [jar:file:/Users/Ptx/Desktop/1neo4j_test/blog/db/neo4j/development/system/lib/neo4j-server-2.2.5-static-web.jar!/webadmin-html] at [/webadmin]
2015-10-14 15:06:00.924+0000 DEBUG [o.n.s.w.Jetty9WebServer]: Mounting servlet at [/db/manage]
2015-10-14 15:06:00.932+0000 DEBUG [o.n.s.w.Jetty9WebServer]: Mounting servlet at [/db/data]
2015-10-14 15:06:00.932+0000 INFO  [o.n.s.w.Jetty9WebServer]: Mounting static content at [/browser] from [browser]
2015-10-14 15:06:00.932+0000 DEBUG [o.n.s.w.Jetty9WebServer]: Found [jar:file:/Users/Ptx/Desktop/1neo4j_test/blog/db/neo4j/development/system/lib/neo4j-browser-2.2.5.jar!/browser]
2015-10-14 15:06:00.932+0000 DEBUG [o.n.s.w.Jetty9WebServer]: Mounting static content from [jar:file:/Users/Ptx/Desktop/1neo4j_test/blog/db/neo4j/development/system/lib/neo4j-browser-2.2.5.jar!/browser] at [/browser]
2015-10-14 15:06:00.932+0000 DEBUG [o.n.s.w.Jetty9WebServer]: Mounting servlet at [/]
2015-10-14 15:06:01.623+0000 INFO  [o.n.s.CommunityNeoServer]: Server started on: http://localhost:7474/
2015-10-14 15:06:01.624+0000 INFO  [o.n.s.CommunityNeoServer]: Remote interface ready and available at [http://localhost:7474/]
2015-10-14 15:06:01.624+0000 INFO  [o.n.k.i.DiagnosticsManager]: --- SERVER STARTED END ---
2015-10-14 15:15:01.621+0000 DEBUG [o.n.k.i.q.QueryExecutionEngine]: CREATE CONSTRAINT ON (n:`Post`) ASSERT n.`uuid` IS UNIQUE
2015-10-14 15:15:01.755+0000 INFO  [o.n.k.i.a.i.IndexPopulationJob]: Index population started: [:Post(uuid) [provider: {key=lucene, version=1.0}]]
2015-10-14 15:15:01.768+0000 INFO  [o.n.k.i.a.KernelSchemaStateStore]: Schema state store has been cleared.
2015-10-14 15:15:01.774+0000 INFO  [o.n.k.i.a.i.IndexPopulationJob]: Index population completed. Index is now online: [:Post(uuid) [provider: {key=lucene, version=1.0}]]
2015-10-14 15:15:01.797+0000 INFO  [o.n.k.i.a.KernelSchemaStateStore]: Schema state store has been cleared.
2015-10-14 15:15:01.971+0000 DEBUG [o.n.k.i.q.QueryExecutionEngine]: MATCH (n:`Post`) RETURN n
2015-10-14 15:43:51.080+0000 DEBUG [o.n.k.i.q.QueryExecutionEngine]: MATCH (n:`Post`) RETURN n
2015-10-14 15:45:29.196+0000 DEBUG [o.n.k.i.q.QueryExecutionEngine]: CREATE CONSTRAINT ON (n:`Post`) ASSERT n.`uuid` IS UNIQUE
2015-10-14 15:45:29.261+0000 DEBUG [o.n.k.i.q.QueryExecutionEngine]: MATCH (n:`Post`) RETURN n
2015-10-14 15:46:52.187+0000 DEBUG [o.n.k.i.q.QueryExecutionEngine]: CREATE (n:`Post` {props}) RETURN ID(n)
2015-10-14 15:46:52.483+0000 DEBUG [o.n.k.i.q.QueryExecutionEngine]: MATCH (n) WHERE ID(n) = {neo_id} RETURN ID(n)
2015-10-14 15:46:52.531+0000 DEBUG [o.n.k.i.q.QueryExecutionEngine]: MATCH (n) WHERE ID(n) = {neo_id} RETURN ID(n)
2015-10-14 15:46:52.541+0000 DEBUG [o.n.k.i.q.QueryExecutionEngine]: MATCH (n) WHERE ID(n) = {neo_id} RETURN ID(n)
2015-10-14 15:46:52.596+0000 DEBUG [o.n.k.i.q.QueryExecutionEngine]: MATCH (result_post:`Post`) WHERE (result_post.uuid = {result_post_uuid}) RETURN result_post ORDER BY ID(result_post) LIMIT {limit_1}
2015-10-14 15:46:52.687+0000 DEBUG [o.n.k.i.q.QueryExecutionEngine]: MATCH (n) WHERE ID(n) = {neo_id} RETURN ID(n)
2015-10-14 15:46:52.691+0000 DEBUG [o.n.k.i.q.QueryExecutionEngine]: MATCH (n) WHERE ID(n) = {neo_id} RETURN ID(n)
2015-10-14 15:46:59.963+0000 DEBUG [o.n.k.i.a.i.s.OnlineIndexSamplingJob]: Started: Sampling index :Post(uuid)
2015-10-14 15:46:59.963+0000 INFO  [o.n.k.i.a.i.s.OnlineIndexSamplingJob]: Sampled index :Post(uuid) with 1 unique values in sample of avg size 1 taken from index containing 1 entries
2015-10-14 15:46:59.963+0000 DEBUG [o.n.k.i.a.i.s.OnlineIndexSamplingJob]: Finished: Sampling index :Post(uuid) in 0 ms
2015-10-14 17:07:24.063+0000 DEBUG [o.n.k.i.q.QueryExecutionEngine]: CREATE CONSTRAINT ON (n:`Post`) ASSERT n.`uuid` IS UNIQUE
2015-10-14 17:07:24.108+0000 DEBUG [o.n.k.i.q.QueryExecutionEngine]: MATCH (n:`Post`) RETURN n
2015-10-14 17:07:24.111+0000 INFO  [o.n.k.i.q.QueryExecutionEngine]: Discarded stale query from the query cache: CYPHER 2.2 MATCH (n:`Post`) RETURN n
2015-10-14 17:07:24.112+0000 INFO  [o.n.k.i.q.QueryExecutionEngine]: Discarded stale query from the query cache: Query(None,SingleQuery(List(Match(false,Pattern(List(EveryPath(NodePattern(Some(Identifier(n)),List(),None,false)))),List(),Some(Where(HasLabels(Identifier(n),List(LabelName(Post)))))), Return(false,ReturnItems(false,List(AliasedReturnItem(Identifier(n),Identifier(n)))),None,None,None))))
2015-10-14 17:07:24.112+0000 INFO  [o.n.k.i.q.QueryExecutionEngine]: Discarded stale query from the query cache: Query(None,SingleQuery(List(Match(false,Pattern(List(EveryPath(NodePattern(Some(Identifier(n)),List(),None,false)))),List(),Some(Where(HasLabels(Identifier(n),List(LabelName(Post)))))), Return(false,ReturnItems(false,List(AliasedReturnItem(Identifier(n),Identifier(n)))),None,None,None))))
2015-10-14 17:07:24.112+0000 INFO  [o.n.k.i.q.QueryExecutionEngine]: Discarded stale query from the query cache: Query(None,SingleQuery(List(Match(false,Pattern(List(EveryPath(NodePattern(Some(Identifier(n)),List(),None,false)))),List(),Some(Where(HasLabels(Identifier(n),List(LabelName(Post)))))), Return(false,ReturnItems(false,List(AliasedReturnItem(Identifier(n),Identifier(n)))),None,None,None))))
2015-10-14 17:07:24.113+0000 INFO  [o.n.k.i.q.QueryExecutionEngine]: Discarded stale query from the query cache: Query(None,SingleQuery(List(Match(false,Pattern(List(EveryPath(NodePattern(Some(Identifier(n)),List(),None,false)))),List(),Some(Where(HasLabels(Identifier(n),List(LabelName(Post)))))), Return(false,ReturnItems(false,List(AliasedReturnItem(Identifier(n),Identifier(n)))),None,None,None))))
2015-10-14 20:33:30.763+0000 WARN  [o.n.k.EmbeddedGraphDatabase]: GC Monitor: Application threads blocked for 26073ms.
